#
# A fatal error has been detected by the Java Runtime Environment:
#
#  SIGSEGV (0xb) at pc=0x00007fff96d7f0dd, pid=10844, tid=0x0000000000000713
#
# JRE version: Java(TM) SE Runtime Environment (8.0_141-b15) (build 1.8.0_141-b15)
# Java VM: Java HotSpot(TM) 64-Bit Server VM (25.141-b15 mixed mode bsd-amd64 compressed oops)
# Problematic frame:
# C  [libobjc.A.dylib+0x10dd]  objc_msgSend+0x1d
#
# Failed to write core dump. Core dumps have been disabled. To enable core dumping, try "ulimit -c unlimited" before starting Java again
#
# If you would like to submit a bug report, please visit:
#   http://bugreport.java.com/bugreport/crash.jsp
# The crash happened outside the Java Virtual Machine in native code.
# See problematic frame for where to report the bug.
#

---------------  T H R E A D  ---------------

Current thread (0x00007f9b7508b000):  JavaThread "AppKit Thread" daemon [_thread_in_native, id=1811, stack(0x00007fff4fb5a000,0x00007fff5035a000)]

siginfo: si_signo: 11 (SIGSEGV), si_code: 1 (SEGV_MAPERR), si_addr: 0x0000000000000018

Registers:
RAX=0x0000000000000000, RBX=0x00007f9b73f44c60, RCX=0x0000000000000000, RDX=0x00007f9b73e5f260
RSP=0x00007fff50353c48, RBP=0x00007fff50353c70, RSI=0x00007fff9153937c, RDI=0x00007f9b73f44c60
R8 =0x0000000000000001, R9 =0x0000000000000001, R10=0x00007fff9153937c, R11=0x0000000000000000
R12=0x00007f9b73e5f260, R13=0x00007f9b73d066a0, R14=0x00007f9b73e5f260, R15=0x00007fff50354160
RIP=0x00007fff96d7f0dd, EFLAGS=0x0000000000010246, ERR=0x0000000000000004
  TRAPNO=0x000000000000000e

Top of Stack: (sp=0x00007fff50353c48)
0x00007fff50353c48:   000000012d56cf4e 00007f9b73e5f260
0x00007fff50353c58:   000000012d5a0cb8 00007f9b73d066a0
0x00007fff50353c68:   0000000000000094 00007fff50354150
0x00007fff50353c78:   00007fff90c19f45 0000000000000000
0x00007fff50353c88:   0000000000000000 4094000000000000
0x00007fff50353c98:   4086800000000000 0000000000000000
0x00007fff50353ca8:   0000000000000000 4094000000000000
0x00007fff50353cb8:   4086800000000000 4094000000000000
0x00007fff50353cc8:   4087300000000000 401c000000000000
0x00007fff50353cd8:   4086980000000000 402c000000000000
0x00007fff50353ce8:   4030000000000000 401c000000000000
0x00007fff50353cf8:   0000000000000000 0000000000000000
0x00007fff50353d08:   4030000000000000 00007fff914fc129
0x00007fff50353d18:   4008000000000000 00007f9b73f49700
0x00007fff50353d28:   0000000100000000 0000000000000000
0x00007fff50353d38:   00007f9b73e4eb50 00007fff50353e90
0x00007fff50353d48:   00007fff90c1eb36 00007fff50353e90
0x00007fff50353d58:   00007fff90c20e82 402c000000000000
0x00007fff50353d68:   4030000000000000 401c000000000000
0x00007fff50353d78:   4086980000000000 402c000000000000
0x00007fff50353d88:   4030000000000000 0000000000000000
0x00007fff50353d98:   0000000000000000 4094000000000000
0x00007fff50353da8:   4087300000000000 401c000000000000
0x00007fff50353db8:   4086980000000000 402c000000000000
0x00007fff50353dc8:   4030000000000000 0000000000000000
0x00007fff50353dd8:   0000000000000000 401c000000000000
0x00007fff50353de8:   000000010f8c1000 00007fff50353e90
0x00007fff50353df8:   00007fff8d16de7f 0000000000000000
0x00007fff50353e08:   000000010f8c1000 00007fff50353eb0
0x00007fff50353e18:   00007fff8d16de7f 00007fff50353f1f
0x00007fff50353e28:   0000000000000000 00007f9b73efc080
0x00007fff50353e38:   00007f9b73e5a9b0 000000000000000b 

Instructions: (pc=0x00007fff96d7f0dd)
0x00007fff96d7f0bd:   00 00 00 48 85 ff 2e 74 7a 40 f6 c7 01 2e 75 7e
0x00007fff96d7f0cd:   49 bb f8 ff ff ff ff 7f 00 00 4c 23 1f 49 89 f2
0x00007fff96d7f0dd:   45 23 53 18 49 c1 e2 04 4d 03 53 10 49 3b 32 75
0x00007fff96d7f0ed:   04 41 ff 62 08 49 83 3a 00 74 6a 4d 3b 53 10 74 

Register to memory mapping:

RAX=0x0000000000000000 is an unknown value
RBX=0x00007f9b73f44c60 is an unknown value
RCX=0x0000000000000000 is an unknown value
RDX=0x00007f9b73e5f260 is an unknown value
RSP=0x00007fff50353c48 is pointing into the stack for thread: 0x00007f9b7508b000
RBP=0x00007fff50353c70 is pointing into the stack for thread: 0x00007f9b7508b000
RSI=0x00007fff9153937c: -[NSTitlebarContainerView transparent]+0x5e270 in /System/Library/Frameworks/AppKit.framework/Versions/C/AppKit at 0x00007fff90b38000
RDI=0x00007f9b73f44c60 is an unknown value
R8 =0x0000000000000001 is an unknown value
R9 =0x0000000000000001 is an unknown value
R10=0x00007fff9153937c: -[NSTitlebarContainerView transparent]+0x5e270 in /System/Library/Frameworks/AppKit.framework/Versions/C/AppKit at 0x00007fff90b38000
R11=0x0000000000000000 is an unknown value
R12=0x00007f9b73e5f260 is an unknown value
R13=0x00007f9b73d066a0 is an unknown value
R14=0x00007f9b73e5f260 is an unknown value
R15=0x00007fff50354160 is pointing into the stack for thread: 0x00007f9b7508b000


Stack: [0x00007fff4fb5a000,0x00007fff5035a000],  sp=0x00007fff50353c48,  free space=8167k
Native frames: (J=compiled Java code, j=interpreted, Vv=VM code, C=native code)
C  [libobjc.A.dylib+0x10dd]  objc_msgSend+0x1d
C  [AppKit+0xe1f45]  -[NSView _recursiveDisplayRectIfNeededIgnoringOpacity:isVisibleRect:rectIsVisibleRectForView:topView:]+0x740
C  [AppKit+0xe2fa0]  -[NSView _recursiveDisplayRectIfNeededIgnoringOpacity:isVisibleRect:rectIsVisibleRectForView:topView:]+0x179b
C  [AppKit+0xe12f3]  -[NSThemeFrame _recursiveDisplayRectIfNeededIgnoringOpacity:isVisibleRect:rectIsVisibleRectForView:topView:]+0x14d
C  [AppKit+0xdd68b]  -[NSView _displayRectIgnoringOpacity:isVisibleRect:rectIsVisibleRectForView:]+0xac9
C  [AppKit+0x951ae]  -[NSView displayIfNeeded]+0x754
C  [AppKit+0x94a09]  -[NSWindow displayIfNeeded]+0xec
C  [AppKit+0x94672]  _handleWindowNeedsDisplayOrLayoutOrUpdateConstraints+0x3a8
C  [Foundation+0x4ba23]  __NSFireTimer+0x5f
C  [CoreFoundation+0xb72e4]  __CFRUNLOOP_IS_CALLING_OUT_TO_A_TIMER_CALLBACK_FUNCTION__+0x14
C  [CoreFoundation+0xb6f73]  __CFRunLoopDoTimer+0x423
C  [CoreFoundation+0x12a53d]  __CFRunLoopDoTimers+0x12d
C  [CoreFoundation+0x72608]  __CFRunLoopRun+0x7e8
C  [CoreFoundation+0x71bd8]  CFRunLoopRunSpecific+0x128
C  [HIToolbox+0x3256f]  RunCurrentEventLoopInMode+0xeb
C  [HIToolbox+0x322ea]  ReceiveNextEventCommon+0x1af
C  [HIToolbox+0x3212b]  _BlockUntilNextEventMatchingListInModeWithFilter+0x47
C  [AppKit+0x918ab]  _DPSNextEvent+0x3d2
C  [AppKit+0x90e58]  -[NSApplication nextEventMatchingMask:untilDate:inMode:dequeue:]+0x15a
C  [libosxapp.dylib+0x23aa]  -[NSApplicationAWT nextEventMatchingMask:untilDate:inMode:dequeue:]+0x7c
C  [AppKit+0x86af3]  -[NSApplication run]+0x252
C  [libosxapp.dylib+0x214d]  +[NSApplicationAWT runAWTLoopWithApp:]+0x9c
C  [libawt_lwawt.dylib+0x45edf]  -[AWTStarter starter:]+0x389
C  [Foundation+0x92dd0]  __NSThreadPerformPerform+0x125
C  [CoreFoundation+0x80a01]  __CFRUNLOOP_IS_CALLING_OUT_TO_A_SOURCE0_PERFORM_FUNCTION__+0x11
C  [CoreFoundation+0x72b8d]  __CFRunLoopDoSources0+0x10d
C  [CoreFoundation+0x721bf]  __CFRunLoopRun+0x39f
C  [CoreFoundation+0x71bd8]  CFRunLoopRunSpecific+0x128
C  [java+0x6465]  CreateExecutionEnvironment+0x367
C  [java+0x218c]  JLI_Launch+0x7a0
C  [java+0x84c2]  main+0x65
C  [java+0x19e4]  start+0x34
C  0x0000000000000006


---------------  P R O C E S S  ---------------

Java Threads: ( => current thread )
  0x00007f9b7508d800 JavaThread "AWT-Shutdown" [_thread_blocked, id=28691, stack(0x000000012abc9000,0x000000012acc9000)]
=>0x00007f9b7508b000 JavaThread "AppKit Thread" daemon [_thread_in_native, id=1811, stack(0x00007fff4fb5a000,0x00007fff5035a000)]
  0x00007f9b74801000 JavaThread "Service Thread" daemon [_thread_blocked, id=18435, stack(0x0000000129069000,0x0000000129169000)]
  0x00007f9b75846000 JavaThread "C1 CompilerThread2" daemon [_thread_blocked, id=17923, stack(0x0000000128f66000,0x0000000129066000)]
  0x00007f9b74020000 JavaThread "C2 CompilerThread1" daemon [_thread_blocked, id=17411, stack(0x0000000128e63000,0x0000000128f63000)]
  0x00007f9b75853000 JavaThread "C2 CompilerThread0" daemon [_thread_blocked, id=16899, stack(0x0000000128d60000,0x0000000128e60000)]
  0x00007f9b75046000 JavaThread "Signal Dispatcher" daemon [_thread_blocked, id=14611, stack(0x0000000128c5d000,0x0000000128d5d000)]
  0x00007f9b74807800 JavaThread "Finalizer" daemon [_thread_blocked, id=12035, stack(0x000000012724c000,0x000000012734c000)]
  0x00007f9b7503d800 JavaThread "Reference Handler" daemon [_thread_blocked, id=11523, stack(0x0000000127149000,0x0000000127249000)]
  0x00007f9b75001800 JavaThread "main" [_thread_in_native, id=3331, stack(0x000000011094d000,0x0000000110a4d000)]

Other Threads:
  0x00007f9b7503d000 VMThread [stack: 0x0000000127046000,0x0000000127146000] [id=11011]
  0x00007f9b74813000 WatcherThread [stack: 0x000000012916c000,0x000000012926c000] [id=18947]

VM state:not at safepoint (normal execution)

VM Mutex/Monitor currently owned by a thread: None

Heap:
 PSYoungGen      total 38400K, used 31733K [0x0000000795580000, 0x0000000798000000, 0x00000007c0000000)
  eden space 33280K, 91% used [0x0000000795580000,0x000000079731d6a8,0x0000000797600000)
  from space 5120K, 27% used [0x0000000797b00000,0x0000000797c60020,0x0000000798000000)
  to   space 5120K, 0% used [0x0000000797600000,0x0000000797600000,0x0000000797b00000)
 ParOldGen       total 87552K, used 16K [0x0000000740000000, 0x0000000745580000, 0x0000000795580000)
  object space 87552K, 0% used [0x0000000740000000,0x0000000740004000,0x0000000745580000)
 Metaspace       used 7056K, capacity 7211K, committed 7424K, reserved 1056768K
  class space    used 688K, capacity 760K, committed 768K, reserved 1048576K

Card table byte_map: [0x00000001207c0000,0x0000000120bc1000] byte_map_base: 0x000000011cdc0000

Marking Bits: (ParMarkBitMap*) 0x00000001102985d0
 Begin Bits: [0x0000000121175000, 0x0000000123175000)
 End Bits:   [0x0000000123175000, 0x0000000125175000)

Polling page: 0x0000000110aa9000

CodeCache: size=245760Kb used=3301Kb max_used=3302Kb free=242458Kb
 bounds [0x0000000111400000, 0x0000000111740000, 0x0000000120400000]
 total_blobs=1245 nmethods=838 adapters=321
 compilation: enabled

Compilation events (10 events):
Event: 34.420 Thread 0x00007f9b74020000  834       4       bonfire.game.renderEngine.TerrainRenderer::prepareTerrain (60 bytes)
Event: 34.443 Thread 0x00007f9b74020000 nmethod 834 0x000000011173bed0 code [0x000000011173c140, 0x000000011173cad0]
Event: 35.851 Thread 0x00007f9b75846000  835       3       org.lwjgl.opengl.MacOSXNativeKeyboard::keyPressed (32 bytes)
Event: 35.852 Thread 0x00007f9b75846000 nmethod 835 0x000000011173b5d0 code [0x000000011173b780, 0x000000011173bc78]
Event: 41.155 Thread 0x00007f9b75846000  836       3       org.lwjgl.opengl.MacOSXNativeKeyboard::putKeyboardEvent (61 bytes)
Event: 41.156 Thread 0x00007f9b75846000 nmethod 836 0x000000011173a8d0 code [0x000000011173aaa0, 0x000000011173b2d8]
Event: 43.549 Thread 0x00007f9b75846000  837       3       org.lwjgl.opengl.MacOSXNativeMouse::putMouseEventWithCoords (58 bytes)
Event: 43.550 Thread 0x00007f9b75846000 nmethod 837 0x0000000111739a90 code [0x0000000111739c80, 0x000000011173a528]
Event: 44.989 Thread 0x00007f9b75846000  838  s    3       org.lwjgl.opengl.MacOSXNativeMouse::mouseMoved (138 bytes)
Event: 44.990 Thread 0x00007f9b75846000 nmethod 838 0x0000000111738e50 code [0x0000000111739060, 0x00000001117398e8]

GC Heap History (4 events):
Event: 13.956 GC heap before
{Heap before GC invocations=1 (full 0):
 PSYoungGen      total 38400K, used 33280K [0x0000000795580000, 0x0000000798000000, 0x00000007c0000000)
  eden space 33280K, 100% used [0x0000000795580000,0x0000000797600000,0x0000000797600000)
  from space 5120K, 0% used [0x0000000797b00000,0x0000000797b00000,0x0000000798000000)
  to   space 5120K, 0% used [0x0000000797600000,0x0000000797600000,0x0000000797b00000)
 ParOldGen       total 87552K, used 0K [0x0000000740000000, 0x0000000745580000, 0x0000000795580000)
  object space 87552K, 0% used [0x0000000740000000,0x0000000740000000,0x0000000745580000)
 Metaspace       used 7032K, capacity 7211K, committed 7424K, reserved 1056768K
  class space    used 687K, capacity 760K, committed 768K, reserved 1048576K
Event: 13.964 GC heap after
Heap after GC invocations=1 (full 0):
 PSYoungGen      total 38400K, used 2068K [0x0000000795580000, 0x0000000798000000, 0x00000007c0000000)
  eden space 33280K, 0% used [0x0000000795580000,0x0000000795580000,0x0000000797600000)
  from space 5120K, 40% used [0x0000000797600000,0x0000000797805098,0x0000000797b00000)
  to   space 5120K, 0% used [0x0000000797b00000,0x0000000797b00000,0x0000000798000000)
 ParOldGen       total 87552K, used 8K [0x0000000740000000, 0x0000000745580000, 0x0000000795580000)
  object space 87552K, 0% used [0x0000000740000000,0x0000000740002000,0x0000000745580000)
 Metaspace       used 7032K, capacity 7211K, committed 7424K, reserved 1056768K
  class space    used 687K, capacity 760K, committed 768K, reserved 1048576K
}
Event: 31.994 GC heap before
{Heap before GC invocations=2 (full 0):
 PSYoungGen      total 38400K, used 35348K [0x0000000795580000, 0x0000000798000000, 0x00000007c0000000)
  eden space 33280K, 100% used [0x0000000795580000,0x0000000797600000,0x0000000797600000)
  from space 5120K, 40% used [0x0000000797600000,0x0000000797805098,0x0000000797b00000)
  to   space 5120K, 0% used [0x0000000797b00000,0x0000000797b00000,0x0000000798000000)
 ParOldGen       total 87552K, used 8K [0x0000000740000000, 0x0000000745580000, 0x0000000795580000)
  object space 87552K, 0% used [0x0000000740000000,0x0000000740002000,0x0000000745580000)
 Metaspace       used 7045K, capacity 7211K, committed 7424K, reserved 1056768K
  class space    used 688K, capacity 760K, committed 768K, reserved 1048576K
Event: 32.000 GC heap after
Heap after GC invocations=2 (full 0):
 PSYoungGen      total 38400K, used 1408K [0x0000000795580000, 0x0000000798000000, 0x00000007c0000000)
  eden space 33280K, 0% used [0x0000000795580000,0x0000000795580000,0x0000000797600000)
  from space 5120K, 27% used [0x0000000797b00000,0x0000000797c60020,0x0000000798000000)
  to   space 5120K, 0% used [0x0000000797600000,0x0000000797600000,0x0000000797b00000)
 ParOldGen       total 87552K, used 16K [0x0000000740000000, 0x0000000745580000, 0x0000000795580000)
  object space 87552K, 0% used [0x0000000740000000,0x0000000740004000,0x0000000745580000)
 Metaspace       used 7045K, capacity 7211K, committed 7424K, reserved 1056768K
  class space    used 688K, capacity 760K, committed 768K, reserved 1048576K
}

Deoptimization events (1 events):
Event: 48.575 Thread 0x00007f9b75001800 Uncommon trap: reason=unstable_if action=reinterpret pc=0x00000001117250a0 method=bonfire.game.Game.main([Ljava/lang/String;)V @ 330

Internal exceptions (10 events):
Event: 0.447 Thread 0x00007f9b75001800 Exception <a 'java/security/PrivilegedActionException'> (0x00000007956e0ed0) thrown at [/Users/java_re/workspace/8-2-build-macosx-x86_64/jdk8u141/9370/hotspot/src/share/vm/prims/jvm.cpp, line 1390]
Event: 0.833 Thread 0x00007f9b75001800 Exception <a 'java/security/PrivilegedActionException'> (0x00000007957a3890) thrown at [/Users/java_re/workspace/8-2-build-macosx-x86_64/jdk8u141/9370/hotspot/src/share/vm/prims/jvm.cpp, line 1390]
Event: 0.833 Thread 0x00007f9b75001800 Exception <a 'java/security/PrivilegedActionException'> (0x00000007957a3aa0) thrown at [/Users/java_re/workspace/8-2-build-macosx-x86_64/jdk8u141/9370/hotspot/src/share/vm/prims/jvm.cpp, line 1390]
Event: 0.834 Thread 0x00007f9b75001800 Exception <a 'java/security/PrivilegedActionException'> (0x00000007957a6fb8) thrown at [/Users/java_re/workspace/8-2-build-macosx-x86_64/jdk8u141/9370/hotspot/src/share/vm/prims/jvm.cpp, line 1390]
Event: 0.834 Thread 0x00007f9b75001800 Exception <a 'java/security/PrivilegedActionException'> (0x00000007957a71c8) thrown at [/Users/java_re/workspace/8-2-build-macosx-x86_64/jdk8u141/9370/hotspot/src/share/vm/prims/jvm.cpp, line 1390]
Event: 1.083 Thread 0x00007f9b75001800 Exception <a 'java/lang/NoSuchFieldError': method resolution failed> (0x00000007958752b0) thrown at [/Users/java_re/workspace/8-2-build-macosx-x86_64/jdk8u141/9370/hotspot/src/share/vm/prims/methodHandles.cpp, line 1146]
Event: 1.097 Thread 0x00007f9b75001800 Exception <a 'java/lang/NoSuchFieldError': method resolution failed> (0x0000000795882a00) thrown at [/Users/java_re/workspace/8-2-build-macosx-x86_64/jdk8u141/9370/hotspot/src/share/vm/prims/methodHandles.cpp, line 1146]
Event: 1.618 Thread 0x00007f9b75001800 Exception <a 'java/io/FileNotFoundException'> (0x00000007958fdd90) thrown at [/Users/java_re/workspace/8-2-build-macosx-x86_64/jdk8u141/9370/hotspot/src/share/vm/prims/jni.cpp, line 709]
Event: 1.618 Thread 0x00007f9b75001800 Exception <a 'java/io/FileNotFoundException'> (0x00000007958fe8f8) thrown at [/Users/java_re/workspace/8-2-build-macosx-x86_64/jdk8u141/9370/hotspot/src/share/vm/prims/jni.cpp, line 709]
Event: 1.660 Thread 0x00007f9b75001800 Exception <a 'java/lang/UnsatisfiedLinkError'> (0x000000079590b8e8) thrown at [/Users/java_re/workspace/8-2-build-macosx-x86_64/jdk8u141/9370/hotspot/src/share/vm/prims/jvm.cpp, line 1394]

Events (10 events):
Event: 13.964 Executing VM operation: ParallelGCFailedAllocation done
Event: 15.772 loading class java/util/ArrayList$1
Event: 15.772 loading class java/util/ArrayList$1 done
Event: 31.994 Executing VM operation: ParallelGCFailedAllocation
Event: 32.001 Executing VM operation: ParallelGCFailedAllocation done
Event: 48.575 Thread 0x00007f9b75001800 Uncommon trap: trap_request=0xffffff65 fr.pc=0x00000001117250a0
Event: 48.575 Thread 0x00007f9b75001800 DEOPT PACKING pc=0x00000001117250a0 sp=0x0000000110a4c870
Event: 48.575 Thread 0x00007f9b75001800 DEOPT UNPACKING pc=0x0000000111405229 sp=0x0000000110a4c860 mode 2
Event: 48.592 loading class org/lwjgl/opengl/CallbackUtil
Event: 48.592 loading class org/lwjgl/opengl/CallbackUtil done


Dynamic libraries:
0x000000000908a000 	/System/Library/Frameworks/Cocoa.framework/Versions/A/Cocoa
0x000000000908a000 	/System/Library/Frameworks/Security.framework/Versions/A/Security
0x000000000908a000 	/System/Library/Frameworks/ApplicationServices.framework/Versions/A/ApplicationServices
0x000000000908a000 	/usr/lib/libz.1.dylib
0x000000000908a000 	/usr/lib/libSystem.B.dylib
0x000000000908a000 	/usr/lib/libobjc.A.dylib
0x000000000908a000 	/System/Library/Frameworks/CoreFoundation.framework/Versions/A/CoreFoundation
0x000000000908a000 	/System/Library/Frameworks/Foundation.framework/Versions/C/Foundation
0x000000000908a000 	/System/Library/Frameworks/AppKit.framework/Versions/C/AppKit
0x000000000908a000 	/System/Library/Frameworks/CoreData.framework/Versions/A/CoreData
0x000000000908a000 	/System/Library/PrivateFrameworks/RemoteViewServices.framework/Versions/A/RemoteViewServices
0x000000000908a000 	/System/Library/PrivateFrameworks/UIFoundation.framework/Versions/A/UIFoundation
0x000000000908a000 	/System/Library/Frameworks/IOSurface.framework/Versions/A/IOSurface
0x000000000908a000 	/System/Library/Frameworks/AudioToolbox.framework/Versions/A/AudioToolbox
0x000000000908a000 	/System/Library/Frameworks/AudioUnit.framework/Versions/A/AudioUnit
0x000000000908a000 	/System/Library/PrivateFrameworks/DataDetectorsCore.framework/Versions/A/DataDetectorsCore
0x000000000908a000 	/System/Library/PrivateFrameworks/DesktopServicesPriv.framework/Versions/A/DesktopServicesPriv
0x000000000908a000 	/System/Library/Frameworks/Carbon.framework/Versions/A/Frameworks/HIToolbox.framework/Versions/A/HIToolbox
0x000000000908a000 	/System/Library/Frameworks/QuartzCore.framework/Versions/A/QuartzCore
0x000000000908a000 	/System/Library/Frameworks/Carbon.framework/Versions/A/Frameworks/SpeechRecognition.framework/Versions/A/SpeechRecognition
0x000000000908a000 	/usr/lib/libauto.dylib
0x000000000908a000 	/usr/lib/libicucore.A.dylib
0x000000000908a000 	/usr/lib/libxml2.2.dylib
0x000000000908a000 	/System/Library/PrivateFrameworks/CoreUI.framework/Versions/A/CoreUI
0x000000000908a000 	/System/Library/Frameworks/CoreAudio.framework/Versions/A/CoreAudio
0x000000000908a000 	/System/Library/Frameworks/DiskArbitration.framework/Versions/A/DiskArbitration
0x000000000908a000 	/usr/lib/liblangid.dylib
0x000000000908a000 	/System/Library/PrivateFrameworks/MultitouchSupport.framework/Versions/A/MultitouchSupport
0x000000000908a000 	/System/Library/Frameworks/IOKit.framework/Versions/A/IOKit
0x000000000908a000 	/usr/lib/libDiagnosticMessagesClient.dylib
0x000000000908a000 	/System/Library/Frameworks/CoreServices.framework/Versions/A/CoreServices
0x000000000908a000 	/System/Library/PrivateFrameworks/PerformanceAnalysis.framework/Versions/A/PerformanceAnalysis
0x000000000908a000 	/System/Library/PrivateFrameworks/GenerationalStorage.framework/Versions/A/GenerationalStorage
0x000000000908a000 	/System/Library/Frameworks/OpenGL.framework/Versions/A/OpenGL
0x000000000908a000 	/System/Library/PrivateFrameworks/Sharing.framework/Versions/A/Sharing
0x000000000908a000 	/System/Library/Frameworks/CoreGraphics.framework/Versions/A/CoreGraphics
0x000000000908a000 	/System/Library/Frameworks/CoreText.framework/Versions/A/CoreText
0x000000000908a000 	/System/Library/Frameworks/ImageIO.framework/Versions/A/ImageIO
0x000000000908a000 	/usr/lib/libextension.dylib
0x000000000908a000 	/System/Library/PrivateFrameworks/Backup.framework/Versions/A/Backup
0x000000000908a000 	/usr/lib/libarchive.2.dylib
0x000000000908a000 	/System/Library/Frameworks/CFNetwork.framework/Versions/A/CFNetwork
0x000000000908a000 	/System/Library/Frameworks/SystemConfiguration.framework/Versions/A/SystemConfiguration
0x000000000908a000 	/usr/lib/libCRFSuite.dylib
0x000000000908a000 	/usr/lib/libc++.1.dylib
0x000000000908a000 	/usr/lib/libc++abi.dylib
0x000000000908a000 	/usr/lib/system/libcache.dylib
0x000000000908a000 	/usr/lib/system/libcommonCrypto.dylib
0x000000000908a000 	/usr/lib/system/libcompiler_rt.dylib
0x000000000908a000 	/usr/lib/system/libcopyfile.dylib
0x000000000908a000 	/usr/lib/system/libcorecrypto.dylib
0x000000000908a000 	/usr/lib/system/libdispatch.dylib
0x000000000908a000 	/usr/lib/system/libdyld.dylib
0x000000000908a000 	/usr/lib/system/libkeymgr.dylib
0x000000000908a000 	/usr/lib/system/liblaunch.dylib
0x000000000908a000 	/usr/lib/system/libmacho.dylib
0x000000000908a000 	/usr/lib/system/libquarantine.dylib
0x000000000908a000 	/usr/lib/system/libremovefile.dylib
0x000000000908a000 	/usr/lib/system/libsystem_asl.dylib
0x000000000908a000 	/usr/lib/system/libsystem_blocks.dylib
0x000000000908a000 	/usr/lib/system/libsystem_c.dylib
0x000000000908a000 	/usr/lib/system/libsystem_configuration.dylib
0x000000000908a000 	/usr/lib/system/libsystem_coreservices.dylib
0x000000000908a000 	/usr/lib/system/libsystem_coretls.dylib
0x000000000908a000 	/usr/lib/system/libsystem_dnssd.dylib
0x000000000908a000 	/usr/lib/system/libsystem_info.dylib
0x000000000908a000 	/usr/lib/system/libsystem_kernel.dylib
0x000000000908a000 	/usr/lib/system/libsystem_m.dylib
0x000000000908a000 	/usr/lib/system/libsystem_malloc.dylib
0x000000000908a000 	/usr/lib/system/libsystem_network.dylib
0x000000000908a000 	/usr/lib/system/libsystem_networkextension.dylib
0x000000000908a000 	/usr/lib/system/libsystem_notify.dylib
0x000000000908a000 	/usr/lib/system/libsystem_platform.dylib
0x000000000908a000 	/usr/lib/system/libsystem_pthread.dylib
0x000000000908a000 	/usr/lib/system/libsystem_sandbox.dylib
0x000000000908a000 	/usr/lib/system/libsystem_secinit.dylib
0x000000000908a000 	/usr/lib/system/libsystem_stats.dylib
0x000000000908a000 	/usr/lib/system/libsystem_trace.dylib
0x000000000908a000 	/usr/lib/system/libunc.dylib
0x000000000908a000 	/usr/lib/system/libunwind.dylib
0x000000000908a000 	/usr/lib/system/libxpc.dylib
0x000000000908a000 	/usr/lib/libbz2.1.0.dylib
0x000000000908a000 	/usr/lib/liblzma.5.dylib
0x000000000908a000 	/usr/lib/libbsm.0.dylib
0x000000000908a000 	/usr/lib/libsqlite3.dylib
0x000000000908a000 	/usr/lib/system/libkxld.dylib
0x000000000908a000 	/usr/lib/libxar.1.dylib
0x000000000908a000 	/usr/lib/libpam.2.dylib
0x000000000908a000 	/usr/lib/libOpenScriptingUtil.dylib
0x000000000908a000 	/System/Library/Frameworks/CoreServices.framework/Versions/A/Frameworks/FSEvents.framework/Versions/A/FSEvents
0x000000000908a000 	/System/Library/Frameworks/CoreServices.framework/Versions/A/Frameworks/CarbonCore.framework/Versions/A/CarbonCore
0x000000000908a000 	/System/Library/Frameworks/CoreServices.framework/Versions/A/Frameworks/Metadata.framework/Versions/A/Metadata
0x000000000908a000 	/System/Library/Frameworks/CoreServices.framework/Versions/A/Frameworks/OSServices.framework/Versions/A/OSServices
0x000000000908a000 	/System/Library/Frameworks/CoreServices.framework/Versions/A/Frameworks/SearchKit.framework/Versions/A/SearchKit
0x000000000908a000 	/System/Library/Frameworks/CoreServices.framework/Versions/A/Frameworks/AE.framework/Versions/A/AE
0x000000000908a000 	/System/Library/Frameworks/CoreServices.framework/Versions/A/Frameworks/LaunchServices.framework/Versions/A/LaunchServices
0x000000000908a000 	/System/Library/Frameworks/CoreServices.framework/Versions/A/Frameworks/DictionaryServices.framework/Versions/A/DictionaryServices
0x000000000908a000 	/System/Library/Frameworks/NetFS.framework/Versions/A/NetFS
0x000000000908a000 	/System/Library/PrivateFrameworks/NetAuth.framework/Versions/A/NetAuth
0x000000000908a000 	/System/Library/PrivateFrameworks/login.framework/Versions/A/Frameworks/loginsupport.framework/Versions/A/loginsupport
0x000000000908a000 	/System/Library/PrivateFrameworks/TCC.framework/Versions/A/TCC
0x000000000908a000 	/usr/lib/libmecabra.dylib
0x000000000908a000 	/System/Library/Frameworks/ApplicationServices.framework/Versions/A/Frameworks/ATS.framework/Versions/A/ATS
0x000000000908a000 	/System/Library/Frameworks/ApplicationServices.framework/Versions/A/Frameworks/ColorSync.framework/Versions/A/ColorSync
0x000000000908a000 	/System/Library/Frameworks/ApplicationServices.framework/Versions/A/Frameworks/HIServices.framework/Versions/A/HIServices
0x000000000908a000 	/System/Library/Frameworks/ApplicationServices.framework/Versions/A/Frameworks/LangAnalysis.framework/Versions/A/LangAnalysis
0x000000000908a000 	/System/Library/Frameworks/ApplicationServices.framework/Versions/A/Frameworks/PrintCore.framework/Versions/A/PrintCore
0x000000000908a000 	/System/Library/Frameworks/ApplicationServices.framework/Versions/A/Frameworks/QD.framework/Versions/A/QD
0x000000000908a000 	/System/Library/Frameworks/ApplicationServices.framework/Versions/A/Frameworks/SpeechSynthesis.framework/Versions/A/SpeechSynthesis
0x000000000908a000 	/System/Library/Frameworks/Accelerate.framework/Versions/A/Accelerate
0x000000000908a000 	/System/Library/Frameworks/Accelerate.framework/Versions/A/Frameworks/vImage.framework/Versions/A/vImage
0x000000000908a000 	/System/Library/Frameworks/Accelerate.framework/Versions/A/Frameworks/vecLib.framework/Versions/A/vecLib
0x000000000908a000 	/System/Library/Frameworks/Accelerate.framework/Versions/A/Frameworks/vecLib.framework/Versions/A/libvDSP.dylib
0x000000000908a000 	/System/Library/Frameworks/Accelerate.framework/Versions/A/Frameworks/vecLib.framework/Versions/A/libvMisc.dylib
0x000000000908a000 	/System/Library/Frameworks/Accelerate.framework/Versions/A/Frameworks/vecLib.framework/Versions/A/libLAPACK.dylib
0x000000000908a000 	/System/Library/Frameworks/Accelerate.framework/Versions/A/Frameworks/vecLib.framework/Versions/A/libBLAS.dylib
0x000000000908a000 	/System/Library/Frameworks/Accelerate.framework/Versions/A/Frameworks/vecLib.framework/Versions/A/libLinearAlgebra.dylib
0x000000000908a000 	/System/Library/Frameworks/ApplicationServices.framework/Versions/A/Frameworks/ATS.framework/Versions/A/Resources/libFontParser.dylib
0x000000000908a000 	/System/Library/Frameworks/ApplicationServices.framework/Versions/A/Frameworks/ATS.framework/Versions/A/Resources/libFontRegistry.dylib
0x000000000908a000 	/System/Library/PrivateFrameworks/AppleVPA.framework/Versions/A/AppleVPA
0x000000000908a000 	/System/Library/PrivateFrameworks/AppleJPEG.framework/Versions/A/AppleJPEG
0x000000000908a000 	/System/Library/Frameworks/ImageIO.framework/Versions/A/Resources/libJPEG.dylib
0x000000000908a000 	/System/Library/Frameworks/ImageIO.framework/Versions/A/Resources/libTIFF.dylib
0x000000000908a000 	/System/Library/Frameworks/ImageIO.framework/Versions/A/Resources/libPng.dylib
0x000000000908a000 	/System/Library/Frameworks/ImageIO.framework/Versions/A/Resources/libGIF.dylib
0x000000000908a000 	/System/Library/Frameworks/ImageIO.framework/Versions/A/Resources/libJP2.dylib
0x000000000908a000 	/System/Library/Frameworks/ImageIO.framework/Versions/A/Resources/libRadiance.dylib
0x000000000908a000 	/System/Library/Frameworks/CoreVideo.framework/Versions/A/CoreVideo
0x000000000908a000 	/System/Library/Frameworks/OpenGL.framework/Versions/A/Libraries/libGLU.dylib
0x000000000908a000 	/System/Library/Frameworks/OpenGL.framework/Versions/A/Libraries/libGFXShared.dylib
0x000000000908a000 	/System/Library/Frameworks/OpenGL.framework/Versions/A/Libraries/libGL.dylib
0x000000000908a000 	/System/Library/Frameworks/OpenGL.framework/Versions/A/Libraries/libGLImage.dylib
0x000000000908a000 	/System/Library/Frameworks/OpenGL.framework/Versions/A/Libraries/libCVMSPluginSupport.dylib
0x000000000908a000 	/System/Library/Frameworks/OpenGL.framework/Versions/A/Libraries/libCoreVMClient.dylib
0x000000000908a000 	/usr/lib/libcups.2.dylib
0x000000000908a000 	/System/Library/Frameworks/Kerberos.framework/Versions/A/Kerberos
0x000000000908a000 	/System/Library/Frameworks/GSS.framework/Versions/A/GSS
0x000000000908a000 	/usr/lib/libresolv.9.dylib
0x000000000908a000 	/usr/lib/libiconv.2.dylib
0x000000000908a000 	/System/Library/PrivateFrameworks/Heimdal.framework/Versions/A/Heimdal
0x000000000908a000 	/usr/lib/libheimdal-asn1.dylib
0x000000000908a000 	/System/Library/Frameworks/OpenDirectory.framework/Versions/A/OpenDirectory
0x000000000908a000 	/System/Library/PrivateFrameworks/CommonAuth.framework/Versions/A/CommonAuth
0x000000000908a000 	/System/Library/Frameworks/OpenDirectory.framework/Versions/A/Frameworks/CFOpenDirectory.framework/Versions/A/CFOpenDirectory
0x000000000908a000 	/System/Library/Frameworks/SecurityFoundation.framework/Versions/A/SecurityFoundation
0x000000000908a000 	/System/Library/PrivateFrameworks/LanguageModeling.framework/Versions/A/LanguageModeling
0x000000000908a000 	/usr/lib/libcmph.dylib
0x000000000908a000 	/System/Library/Frameworks/ServiceManagement.framework/Versions/A/ServiceManagement
0x000000000908a000 	/usr/lib/libxslt.1.dylib
0x000000000908a000 	/System/Library/Frameworks/Carbon.framework/Versions/A/Frameworks/Ink.framework/Versions/A/Ink
0x000000000908a000 	/System/Library/Frameworks/QuartzCore.framework/Versions/A/Frameworks/CoreImage.framework/Versions/A/CoreImage
0x000000000908a000 	/System/Library/PrivateFrameworks/CrashReporterSupport.framework/Versions/A/CrashReporterSupport
0x000000000908a000 	/System/Library/Frameworks/OpenCL.framework/Versions/A/OpenCL
0x000000000908a000 	/System/Library/PrivateFrameworks/FaceCore.framework/Versions/A/FaceCore
0x000000000908a000 	/System/Library/PrivateFrameworks/Ubiquity.framework/Versions/A/Ubiquity
0x000000000908a000 	/System/Library/PrivateFrameworks/IconServices.framework/Versions/A/IconServices
0x000000000908a000 	/System/Library/PrivateFrameworks/ChunkingLibrary.framework/Versions/A/ChunkingLibrary
0x000000000908a000 	/System/Library/PrivateFrameworks/Apple80211.framework/Versions/A/Apple80211
0x000000000908a000 	/System/Library/Frameworks/CoreWLAN.framework/Versions/A/CoreWLAN
0x000000000908a000 	/System/Library/Frameworks/IOBluetooth.framework/Versions/A/IOBluetooth
0x000000000908a000 	/System/Library/PrivateFrameworks/CoreWiFi.framework/Versions/A/CoreWiFi
0x000000000908a000 	/System/Library/Frameworks/CoreBluetooth.framework/Versions/A/CoreBluetooth
0x000000000908a000 	/System/Library/PrivateFrameworks/DebugSymbols.framework/Versions/A/DebugSymbols
0x000000000908a000 	/System/Library/PrivateFrameworks/CoreSymbolication.framework/Versions/A/CoreSymbolication
0x000000000908a000 	/System/Library/PrivateFrameworks/Symbolication.framework/Versions/A/Symbolication
0x000000000908a000 	/System/Library/PrivateFrameworks/SpeechRecognitionCore.framework/Versions/A/SpeechRecognitionCore
0x000000010f9a5000 	/Library/Java/JavaVirtualMachines/jdk1.8.0_141.jdk/Contents/Home/jre/lib/server/libjvm.dylib
0x000000000908a000 	/usr/lib/libstdc++.6.dylib
0x0000000110a66000 	/Library/Java/JavaVirtualMachines/jdk1.8.0_141.jdk/Contents/Home/jre/lib/libverify.dylib
0x0000000110a74000 	/Library/Java/JavaVirtualMachines/jdk1.8.0_141.jdk/Contents/Home/jre/lib/libjava.dylib
0x0000000110ab3000 	/Library/Java/JavaVirtualMachines/jdk1.8.0_141.jdk/Contents/Home/jre/lib/libzip.dylib
0x000000012734e000 	/System/Library/Frameworks/JavaVM.framework/Frameworks/JavaRuntimeSupport.framework/JavaRuntimeSupport
0x0000000110be8000 	/System/Library/Frameworks/JavaVM.framework/Versions/A/Frameworks/JavaNativeFoundation.framework/Versions/A/JavaNativeFoundation
0x0000000127369000 	/System/Library/Frameworks/JavaVM.framework/Versions/A/JavaVM
0x000000000908a000 	/System/Library/Frameworks/Carbon.framework/Versions/A/Carbon
0x0000000127376000 	/System/Library/PrivateFrameworks/JavaLaunching.framework/Versions/A/JavaLaunching
0x000000000908a000 	/System/Library/Frameworks/Carbon.framework/Versions/A/Frameworks/CommonPanels.framework/Versions/A/CommonPanels
0x000000000908a000 	/System/Library/Frameworks/Carbon.framework/Versions/A/Frameworks/Help.framework/Versions/A/Help
0x000000000908a000 	/System/Library/Frameworks/Carbon.framework/Versions/A/Frameworks/ImageCapture.framework/Versions/A/ImageCapture
0x000000000908a000 	/System/Library/Frameworks/Carbon.framework/Versions/A/Frameworks/OpenScripting.framework/Versions/A/OpenScripting
0x000000000908a000 	/System/Library/Frameworks/Carbon.framework/Versions/A/Frameworks/Print.framework/Versions/A/Print
0x000000000908a000 	/System/Library/Frameworks/Carbon.framework/Versions/A/Frameworks/SecurityHI.framework/Versions/A/SecurityHI
0x00000001292c3000 	/Library/Java/JavaVirtualMachines/jdk1.8.0_141.jdk/Contents/Home/jre/lib/libawt.dylib
0x000000012936b000 	/Library/Java/JavaVirtualMachines/jdk1.8.0_141.jdk/Contents/Home/jre/lib/./libmlib_image.dylib
0x0000000129437000 	/Library/Java/JavaVirtualMachines/jdk1.8.0_141.jdk/Contents/Home/jre/lib/libawt_lwawt.dylib
0x00000001294ee000 	/Library/Java/JavaVirtualMachines/jdk1.8.0_141.jdk/Contents/Home/jre/lib/./libosxapp.dylib
0x000000000908a000 	/System/Library/Frameworks/ExceptionHandling.framework/Versions/A/ExceptionHandling
0x000000000908a000 	/System/Library/PrivateFrameworks/CoreServicesInternal.framework/Versions/A/CoreServicesInternal
0x000000000908a000 	/System/Library/PrivateFrameworks/CloudDocs.framework/Versions/A/CloudDocs
0x000000000908a000 	/System/Library/PrivateFrameworks/CoreDuet.framework/Versions/A/CoreDuet
0x000000000908a000 	/System/Library/Frameworks/CloudKit.framework/Versions/A/CloudKit
0x000000000908a000 	/System/Library/PrivateFrameworks/ProtocolBuffer.framework/Versions/A/ProtocolBuffer
0x000000000908a000 	/System/Library/PrivateFrameworks/CoreDuetDaemonProtocol.framework/Versions/A/CoreDuetDaemonProtocol
0x000000000908a000 	/System/Library/PrivateFrameworks/CoreDuetDebugLogging.framework/Versions/A/CoreDuetDebugLogging
0x000000000908a000 	/System/Library/PrivateFrameworks/MMCS.framework/Versions/A/MMCS
0x000000000908a000 	/System/Library/Frameworks/CoreLocation.framework/Versions/A/CoreLocation
0x000000000908a000 	/System/Library/PrivateFrameworks/ProtectedCloudStorage.framework/Versions/A/ProtectedCloudStorage
0x000000000908a000 	/System/Library/PrivateFrameworks/GeoServices.framework/Versions/A/GeoServices
0x000000000908a000 	/System/Library/Frameworks/CoreGraphics.framework/Versions/A/Resources/libCGCMS.A.dylib
0x000000000908a000 	/System/Library/Frameworks/CoreGraphics.framework/Versions/A/Resources/libRIP.A.dylib
0x000000000908a000 	/System/Library/Frameworks/CoreGraphics.framework/Versions/A/Resources/libCGXType.A.dylib
0x000000000908a000 	/System/Library/Frameworks/OpenCL.framework/Versions/A/Libraries/libcldcpuengine.dylib
0x000000000908a000 	/System/Library/PrivateFrameworks/DiskImages.framework/Versions/A/DiskImages
0x000000000908a000 	/System/Library/Frameworks/DiscRecording.framework/Versions/A/DiscRecording
0x000000000908a000 	/usr/lib/libcsfde.dylib
0x000000000908a000 	/usr/lib/libcurl.4.dylib
0x000000000908a000 	/System/Library/PrivateFrameworks/MediaKit.framework/Versions/A/MediaKit
0x000000000908a000 	/usr/lib/libCoreStorage.dylib
0x000000000908a000 	/System/Library/PrivateFrameworks/EFILogin.framework/Versions/A/EFILogin
0x000000000908a000 	/usr/lib/libutil.dylib
0x000000000908a000 	/System/Library/PrivateFrameworks/FindMyDevice.framework/Versions/A/FindMyDevice
0x000000000908a000 	/System/Library/Frameworks/LDAP.framework/Versions/A/LDAP
0x000000000908a000 	/usr/lib/libsasl2.2.dylib
0x000000000908a000 	/System/Library/PrivateFrameworks/CoreDaemon.framework/Versions/B/CoreDaemon
0x000000000908a000 	/usr/lib/libcrypto.0.9.8.dylib
0x000000000908a000 	/System/Library/PrivateFrameworks/AppleSRP.framework/Versions/A/AppleSRP
0x000000000908a000 	/System/Library/PrivateFrameworks/TrustEvaluationAgent.framework/Versions/A/TrustEvaluationAgent
0x000000012c337000 	cl_kernels
0x000000012c339000 	/System/Library/Frameworks/OpenCL.framework/Versions/A/Libraries/ImageFormats/unorm8_bgra.dylib
0x000000012c328000 	cl_kernels
0x000000000908a000 	/System/Library/PrivateFrameworks/FamilyControls.framework/Versions/A/FamilyControls
0x000000000908a000 	/System/Library/PrivateFrameworks/CommerceKit.framework/Versions/A/Frameworks/CommerceCore.framework/Versions/A/CommerceCore
0x000000000908a000 	/System/Library/PrivateFrameworks/SystemAdministration.framework/Versions/A/SystemAdministration
0x000000000908a000 	/System/Library/PrivateFrameworks/AppContainer.framework/Versions/A/AppContainer
0x000000000908a000 	/System/Library/PrivateFrameworks/SecCodeWrapper.framework/Versions/A/SecCodeWrapper
0x000000000908a000 	/System/Library/Frameworks/DirectoryService.framework/Versions/A/DirectoryService
0x000000000908a000 	/System/Library/PrivateFrameworks/LoginUIKit.framework/Versions/A/Frameworks/LoginUICore.framework/Versions/A/LoginUICore
0x000000000908a000 	/usr/lib/libodfde.dylib
0x000000012d4fc000 	/Library/Java/JavaVirtualMachines/jdk1.8.0_141.jdk/Contents/Home/jre/lib/libfontmanager.dylib
0x000000012d563000 	/Users/Chris/Desktop/lwjgl-2.9.1/native/macosx/liblwjgl.jnilib
0x000000012b875000 	/Library/Java/JavaVirtualMachines/jdk1.8.0_141.jdk/Contents/Home/jre/lib/libjawt.dylib
0x000000000908a000 	/System/Library/Frameworks/OpenGL.framework/Versions/A/Resources/GLEngine.bundle/GLEngine
0x000000000908a000 	/System/Library/Frameworks/OpenGL.framework/Versions/A/Libraries/libGLProgrammability.dylib
0x000000012d5e2000 	/System/Library/Extensions/AppleIntelHD4000GraphicsGLDriver.bundle/Contents/MacOS/AppleIntelHD4000GraphicsGLDriver
0x000000000908a000 	/System/Library/PrivateFrameworks/IOAccelerator.framework/Versions/A/IOAccelerator
0x000000000908a000 	/System/Library/PrivateFrameworks/GPUSupport.framework/Versions/A/Libraries/libGPUSupportMercury.dylib
0x000000000908a000 	/System/Library/Frameworks/OpenGL.framework/Versions/A/Resources/GLRendererFloat.bundle/GLRendererFloat

VM Arguments:
jvm_args: -Dfile.encoding=UTF-8 -Djava.library.path=/Users/Chris/Desktop/lwjgl-2.9.1/native/macosx/ 
java_command: bonfire.game.Game
java_class_path (initial): /Users/Chris/Desktop/lib/slick-util.jar:/Users/Chris/Desktop/lwjgl-2.9.1/jar/jinput.jar:/Users/Chris/Desktop/lwjgl-2.9.1/jar/lwjgl.jar:/Users/Chris/Desktop/lwjgl-2.9.1/jar/lwjgl_util.jar:/Users/Chris/NetBeansProjects/Bonfire/build/classes
Launcher Type: SUN_STANDARD

Environment Variables:
PATH=/usr/bin:/bin:/usr/sbin:/sbin
LD_LIBRARY_PATH=/Library/Java/JavaVirtualMachines/jdk1.8.0_141.jdk/Contents/Home/jre/lib/amd64:/Library/Java/JavaVirtualMachines/jdk1.8.0_141.jdk/Contents/Home/jre/lib/i386:
SHELL=/bin/bash
DISPLAY=/private/tmp/com.apple.launchd.Qhi6IaXOBE/org.macosforge.xquartz:0

Signal Handlers:
SIGSEGV: [libjvm.dylib+0x5b26e5], sa_mask[0]=11111111011111110111111111111111, sa_flags=SA_ONSTACK|SA_RESTART|SA_SIGINFO
SIGBUS: [libjvm.dylib+0x5b26e5], sa_mask[0]=11111111011111110111111111111111, sa_flags=SA_RESTART|SA_SIGINFO
SIGFPE: [libjvm.dylib+0x489100], sa_mask[0]=11111111011111110111111111111111, sa_flags=SA_RESTART|SA_SIGINFO
SIGPIPE: [libjvm.dylib+0x489100], sa_mask[0]=11111111011111110111111111111111, sa_flags=SA_RESTART|SA_SIGINFO
SIGXFSZ: [libjvm.dylib+0x489100], sa_mask[0]=11111111011111110111111111111111, sa_flags=SA_RESTART|SA_SIGINFO
SIGILL: [libjvm.dylib+0x489100], sa_mask[0]=11111111011111110111111111111111, sa_flags=SA_RESTART|SA_SIGINFO
SIGUSR1: SIG_DFL, sa_mask[0]=00000000000000000000000000000000, sa_flags=none
SIGUSR2: [libjvm.dylib+0x488c1e], sa_mask[0]=00100000000000000000000000000000, sa_flags=SA_RESTART|SA_SIGINFO
SIGHUP: [libjvm.dylib+0x4871f5], sa_mask[0]=11111111011111110111111111111111, sa_flags=SA_RESTART|SA_SIGINFO
SIGINT: SIG_IGN, sa_mask[0]=00000000000000000000000000000000, sa_flags=none
SIGTERM: [libjvm.dylib+0x4871f5], sa_mask[0]=11111111011111110111111111111111, sa_flags=SA_RESTART|SA_SIGINFO
SIGQUIT: [libjvm.dylib+0x4871f5], sa_mask[0]=11111111011111110111111111111111, sa_flags=SA_RESTART|SA_SIGINFO


---------------  S Y S T E M  ---------------

OS:Bsduname:Darwin 14.5.0 Darwin Kernel Version 14.5.0: Sun Sep 25 22:07:15 PDT 2016; root:xnu-2782.50.9~1/RELEASE_X86_64 x86_64
rlimit: STACK 8192k, CORE 0k, NPROC 709, NOFILE 10240, AS infinity
load average:3.00 3.73 3.36

CPU:total 4 (initial active 4) (2 cores per cpu, 2 threads per core) family 6 model 58 stepping 9, cmov, cx8, fxsr, mmx, sse, sse2, sse3, ssse3, sse4.1, sse4.2, popcnt, avx, aes, clmul, erms, ht, tsc, tscinvbit, tscinv

Memory: 4k page, physical 8388608k(2719284k free)

/proc/meminfo:


vm_info: Java HotSpot(TM) 64-Bit Server VM (25.141-b15) for bsd-amd64 JRE (1.8.0_141-b15), built on Jul 12 2017 04:35:23 by "java_re" with gcc 4.2.1 (Based on Apple Inc. build 5658) (LLVM build 2336.11.00)

time: Sun Apr 15 14:05:21 2018
elapsed time: 48 seconds (0d 0h 0m 48s)

