#
# A fatal error has been detected by the Java Runtime Environment:
#
#  SIGSEGV (0xb) at pc=0x00007fff96d7f0dd, pid=10298, tid=0x0000000000000713
#
# JRE version: Java(TM) SE Runtime Environment (8.0_141-b15) (build 1.8.0_141-b15)
# Java VM: Java HotSpot(TM) 64-Bit Server VM (25.141-b15 mixed mode bsd-amd64 compressed oops)
# Problematic frame:
# C  [libobjc.A.dylib+0x10dd]  objc_msgSend+0x1d
#
# Failed to write core dump. Core dumps have been disabled. To enable core dumping, try "ulimit -c unlimited" before starting Java again
#
# If you would like to submit a bug report, please visit:
#   http://bugreport.java.com/bugreport/crash.jsp
# The crash happened outside the Java Virtual Machine in native code.
# See problematic frame for where to report the bug.
#

---------------  T H R E A D  ---------------

Current thread (0x00007f8e631f6000):  JavaThread "AppKit Thread" daemon [_thread_in_native, id=1811, stack(0x00007fff4fec1000,0x00007fff506c1000)]

siginfo: si_signo: 11 (SIGSEGV), si_code: 1 (SEGV_MAPERR), si_addr: 0x000007f8e62d7398

Registers:
RAX=0x00007f8e62d18720, RBX=0x00007fff506bc908, RCX=0x0000000000000000, RDX=0x00007f8e62c97140
RSP=0x00007fff506bc728, RBP=0x00007fff506bc730, RSI=0x00007fff9153941e, RDI=0x00007f8e62d18720
R8 =0x00007fff506bc710, R9 =0x0000000000000055, R10=0x00007fff9153941e, R11=0x000007f8e62d7380
R12=0x00007f8e62e01fa0, R13=0x00000000000f42ee, R14=0x00007f8e62cf1490, R15=0x00007fff506bc868
RIP=0x00007fff96d7f0dd, EFLAGS=0x0000000000010202, ERR=0x0000000000000004
  TRAPNO=0x000000000000000e

Top of Stack: (sp=0x00007fff506bc728)
0x00007fff506bc728:   00007fff898f345c 00007fff506bca90
0x00007fff506bc738:   00007fff897e3634 00007fff506bc7bc
0x00007fff506bc748:   00007fff506bc7c0 00007fff506bc7c4
0x00007fff506bc758:   00007fff79691e00 ffffffffffffffff
0x00007fff506bc768:   00000000000007f8 00007fff79691e18
0x00007fff506bc778:   00007f8e62cf1490 0000000000000000
0x00007fff506bc788:   00007fff506bc860 0000000000000000
0x00007fff506bc798:   00007f8e62f3b500 00007fff506bc8e0
0x00007fff506bc7a8:   0000000000000055 00000000000f42f0
0x00007fff506bc7b8:   00007f8e62c97140 00007f8e62f3afe0
0x00007fff506bc7c8:   00007f8e62e01fa0 0000000000000001
0x00007fff506bc7d8:   00000000000f42ee 00007f8e62e01f90
0x00007fff506bc7e8:   00007fff8bfd8c05 0000000162c8ecd0
0x00007fff506bc7f8:   00007fff79a610d0 0000000042000000
0x00007fff506bc808:   00007fff8bfdfe63 00007fff7965c240
0x00007fff506bc818:   00007fff506bc8e8 00007fff506bc840
0x00007fff506bc828:   00007fff506bc860 0000000000000000
0x00007fff506bc838:   0000000000000017 00047a0300000001
0x00007fff506bc848:   00007f8e62e01fc4 0000000000000000
0x00007fff506bc858:   0000000000000000 00007f8e62f3b580
0x00007fff506bc868:   00007f8e62cf1490 0000002000000000
0x00007fff506bc878:   0000000000000000 00007fff79a610d0
0x00007fff506bc888:   0000000042000000 00007fff8bfdf4f8
0x00007fff506bc898:   00007fff7965c350 00007fff506bc7f8
0x00007fff506bc8a8:   0000000000000000 00007fff506bc978
0x00007fff506bc8b8:   00007fff7a262ea0 00007fff506bc9b0
0x00007fff506bc8c8:   00007fff8d16b770 00007fff506bc960
0x00007fff506bc8d8:   00007fff90c6d4ed 0000000000000051
0x00007fff506bc8e8:   0000000000000000 00000000000f42e3
0x00007fff506bc8f8:   0000000000000053 0000000000000000
0x00007fff506bc908:   00000000000f42ee 00007fff506bc984
0x00007fff506bc918:   00000000003e3301 00000000ffffffff 

Instructions: (pc=0x00007fff96d7f0dd)
0x00007fff96d7f0bd:   00 00 00 48 85 ff 2e 74 7a 40 f6 c7 01 2e 75 7e
0x00007fff96d7f0cd:   49 bb f8 ff ff ff ff 7f 00 00 4c 23 1f 49 89 f2
0x00007fff96d7f0dd:   45 23 53 18 49 c1 e2 04 4d 03 53 10 49 3b 32 75
0x00007fff96d7f0ed:   04 41 ff 62 08 49 83 3a 00 74 6a 4d 3b 53 10 74 

Register to memory mapping:

RAX=0x00007f8e62d18720 is an unknown value
RBX=0x00007fff506bc908 is pointing into the stack for thread: 0x00007f8e631f6000
RCX=0x0000000000000000 is an unknown value
RDX=0x00007f8e62c97140 is an unknown value
RSP=0x00007fff506bc728 is pointing into the stack for thread: 0x00007f8e631f6000
RBP=0x00007fff506bc730 is pointing into the stack for thread: 0x00007f8e631f6000
RSI=0x00007fff9153941e: -[NSTitlebarContainerView transparent]+0x5e312 in /System/Library/Frameworks/AppKit.framework/Versions/C/AppKit at 0x00007fff90b38000
RDI=0x00007f8e62d18720 is an unknown value
R8 =0x00007fff506bc710 is pointing into the stack for thread: 0x00007f8e631f6000
R9 =0x0000000000000055 is an unknown value
R10=0x00007fff9153941e: -[NSTitlebarContainerView transparent]+0x5e312 in /System/Library/Frameworks/AppKit.framework/Versions/C/AppKit at 0x00007fff90b38000
R11=0x000007f8e62d7380 is an unknown value
R12=0x00007f8e62e01fa0 is an unknown value
R13=0x00000000000f42ee is an unknown value
R14=0x00007f8e62cf1490 is an unknown value
R15=0x00007fff506bc868 is pointing into the stack for thread: 0x00007f8e631f6000


Stack: [0x00007fff4fec1000,0x00007fff506c1000],  sp=0x00007fff506bc728,  free space=8173k
Native frames: (J=compiled Java code, j=interpreted, Vv=VM code, C=native code)
C  [libobjc.A.dylib+0x10dd]  objc_msgSend+0x1d
C  [CoreFoundation+0x10634]  _CFXNotificationPost+0xc44
C  [Foundation+0x7aa1]  -[NSNotificationCenter postNotificationName:object:userInfo:]+0x42
C  [AppKit+0x439c2]  -[NSSurface _disposeSurface]+0x98
C  [AppKit+0x43426]  -[NSSurface setWindow:]+0x42
C  [AppKit+0x33910]  -[NSView _setWindow:]+0xa33
C  [AppKit+0x6af91]  -[NSView removeFromSuperview]+0x1c5
C  [AppKit+0x14bd99]  -[NSView removeFromSuperviewWithoutNeedingDisplay]+0x26
C  [liblwjgl.jnilib+0x9c3e]  +[MacOSXKeyableWindow destroyWindow]+0xde
C  [Foundation+0x92dd0]  __NSThreadPerformPerform+0x125
C  [CoreFoundation+0x80a01]  __CFRUNLOOP_IS_CALLING_OUT_TO_A_SOURCE0_PERFORM_FUNCTION__+0x11
C  [CoreFoundation+0x72b8d]  __CFRunLoopDoSources0+0x10d
C  [CoreFoundation+0x721bf]  __CFRunLoopRun+0x39f
C  [CoreFoundation+0x71bd8]  CFRunLoopRunSpecific+0x128
C  [HIToolbox+0x3256f]  RunCurrentEventLoopInMode+0xeb
C  [HIToolbox+0x322ea]  ReceiveNextEventCommon+0x1af
C  [HIToolbox+0x3212b]  _BlockUntilNextEventMatchingListInModeWithFilter+0x47
C  [AppKit+0x918ab]  _DPSNextEvent+0x3d2
C  [AppKit+0x90e58]  -[NSApplication nextEventMatchingMask:untilDate:inMode:dequeue:]+0x15a
C  [libosxapp.dylib+0x23aa]  -[NSApplicationAWT nextEventMatchingMask:untilDate:inMode:dequeue:]+0x7c
C  [AppKit+0x86af3]  -[NSApplication run]+0x252
C  [libosxapp.dylib+0x214d]  +[NSApplicationAWT runAWTLoopWithApp:]+0x9c
C  [libawt_lwawt.dylib+0x45edf]  -[AWTStarter starter:]+0x389
C  [Foundation+0x92dd0]  __NSThreadPerformPerform+0x125
C  [CoreFoundation+0x80a01]  __CFRUNLOOP_IS_CALLING_OUT_TO_A_SOURCE0_PERFORM_FUNCTION__+0x11
C  [CoreFoundation+0x72b8d]  __CFRunLoopDoSources0+0x10d
C  [CoreFoundation+0x721bf]  __CFRunLoopRun+0x39f
C  [CoreFoundation+0x71bd8]  CFRunLoopRunSpecific+0x128
C  [java+0x6465]  CreateExecutionEnvironment+0x367
C  [java+0x218c]  JLI_Launch+0x7a0
C  [java+0x84c2]  main+0x65
C  [java+0x19e4]  start+0x34
C  0x0000000000000006


---------------  P R O C E S S  ---------------

Java Threads: ( => current thread )
  0x00007f8e632f7800 JavaThread "AWT-Shutdown" [_thread_blocked, id=28195, stack(0x000000012a862000,0x000000012a962000)]
=>0x00007f8e631f6000 JavaThread "AppKit Thread" daemon [_thread_in_native, id=1811, stack(0x00007fff4fec1000,0x00007fff506c1000)]
  0x00007f8e63807800 JavaThread "Service Thread" daemon [_thread_blocked, id=18179, stack(0x0000000128d06000,0x0000000128e06000)]
  0x00007f8e6381d000 JavaThread "C1 CompilerThread2" daemon [_thread_blocked, id=17667, stack(0x0000000128c03000,0x0000000128d03000)]
  0x00007f8e6381c800 JavaThread "C2 CompilerThread1" daemon [_thread_blocked, id=17155, stack(0x0000000128b00000,0x0000000128c00000)]
  0x00007f8e63075800 JavaThread "C2 CompilerThread0" daemon [_thread_blocked, id=16643, stack(0x00000001289fd000,0x0000000128afd000)]
  0x00007f8e63034000 JavaThread "Signal Dispatcher" daemon [_thread_blocked, id=13331, stack(0x00000001288fa000,0x00000001289fa000)]
  0x00007f8e63806000 JavaThread "Finalizer" daemon [_thread_blocked, id=11523, stack(0x0000000126ed6000,0x0000000126fd6000)]
  0x00007f8e6305d800 JavaThread "Reference Handler" daemon [_thread_blocked, id=11011, stack(0x0000000126dd3000,0x0000000126ed3000)]
  0x00007f8e63808800 JavaThread "main" [_thread_in_native, id=3331, stack(0x00000001105e6000,0x00000001106e6000)]

Other Threads:
  0x00007f8e63059000 VMThread [stack: 0x0000000126cd0000,0x0000000126dd0000] [id=10499]
  0x00007f8e63035000 WatcherThread [stack: 0x0000000128e09000,0x0000000128f09000] [id=18691]

VM state:not at safepoint (normal execution)

VM Mutex/Monitor currently owned by a thread: None

Heap:
 PSYoungGen      total 38400K, used 13429K [0x0000000795580000, 0x0000000798000000, 0x00000007c0000000)
  eden space 33280K, 34% used [0x0000000795580000,0x000000079609c528,0x0000000797600000)
  from space 5120K, 40% used [0x0000000797600000,0x0000000797801088,0x0000000797b00000)
  to   space 5120K, 0% used [0x0000000797b00000,0x0000000797b00000,0x0000000798000000)
 ParOldGen       total 87552K, used 16K [0x0000000740000000, 0x0000000745580000, 0x0000000795580000)
  object space 87552K, 0% used [0x0000000740000000,0x0000000740004000,0x0000000745580000)
 Metaspace       used 7063K, capacity 7275K, committed 7424K, reserved 1056768K
  class space    used 694K, capacity 760K, committed 768K, reserved 1048576K

Card table byte_map: [0x00000001203c0000,0x00000001207c1000] byte_map_base: 0x000000011c9c0000

Marking Bits: (ParMarkBitMap*) 0x000000010ff315d0
 Begin Bits: [0x0000000120e78000, 0x0000000122e78000)
 End Bits:   [0x0000000122e78000, 0x0000000124e78000)

Polling page: 0x0000000110742000

CodeCache: size=245760Kb used=3161Kb max_used=3172Kb free=242598Kb
 bounds [0x0000000111000000, 0x0000000111320000, 0x0000000120000000]
 total_blobs=1208 nmethods=801 adapters=321
 compilation: enabled

Compilation events (10 events):
Event: 16.831 Thread 0x00007f8e6381c800  797       4       java.nio.HeapByteBuffer::compact (52 bytes)
Event: 16.836 Thread 0x00007f8e6381c800 nmethod 797 0x000000011131ac10 code [0x000000011131ad80, 0x000000011131af98]
Event: 17.653 Thread 0x00007f8e63075800  798       4       java.util.HashMap$HashIterator::nextNode (100 bytes)
Event: 17.662 Thread 0x00007f8e63075800 nmethod 798 0x00000001113191d0 code [0x0000000111319320, 0x0000000111319598]
Event: 21.665 Thread 0x00007f8e6381c800  799       4       java.util.ArrayList$Itr::<init> (6 bytes)
Event: 21.667 Thread 0x00007f8e6381c800 nmethod 799 0x000000011130ded0 code [0x000000011130e020, 0x000000011130e0b8]
Event: 21.679 Thread 0x00007f8e63075800  800   !   4       org.lwjgl.opengl.Display::isFullscreen (34 bytes)
Event: 21.682 Thread 0x00007f8e63075800 nmethod 800 0x0000000111318d90 code [0x0000000111318ee0, 0x0000000111319118]
Event: 21.708 Thread 0x00007f8e6381c800  801       4       java.nio.DirectIntBufferU::put (18 bytes)
Event: 21.709 Thread 0x00007f8e6381c800 nmethod 801 0x0000000111318a90 code [0x0000000111318be0, 0x0000000111318c98]

GC Heap History (2 events):
Event: 15.561 GC heap before
{Heap before GC invocations=1 (full 0):
 PSYoungGen      total 38400K, used 33280K [0x0000000795580000, 0x0000000798000000, 0x00000007c0000000)
  eden space 33280K, 100% used [0x0000000795580000,0x0000000797600000,0x0000000797600000)
  from space 5120K, 0% used [0x0000000797b00000,0x0000000797b00000,0x0000000798000000)
  to   space 5120K, 0% used [0x0000000797600000,0x0000000797600000,0x0000000797b00000)
 ParOldGen       total 87552K, used 0K [0x0000000740000000, 0x0000000745580000, 0x0000000795580000)
  object space 87552K, 0% used [0x0000000740000000,0x0000000740000000,0x0000000745580000)
 Metaspace       used 7051K, capacity 7211K, committed 7424K, reserved 1056768K
  class space    used 693K, capacity 760K, committed 768K, reserved 1048576K
Event: 15.569 GC heap after
Heap after GC invocations=1 (full 0):
 PSYoungGen      total 38400K, used 2052K [0x0000000795580000, 0x0000000798000000, 0x00000007c0000000)
  eden space 33280K, 0% used [0x0000000795580000,0x0000000795580000,0x0000000797600000)
  from space 5120K, 40% used [0x0000000797600000,0x0000000797801088,0x0000000797b00000)
  to   space 5120K, 0% used [0x0000000797b00000,0x0000000797b00000,0x0000000798000000)
 ParOldGen       total 87552K, used 16K [0x0000000740000000, 0x0000000745580000, 0x0000000795580000)
  object space 87552K, 0% used [0x0000000740000000,0x0000000740004000,0x0000000745580000)
 Metaspace       used 7051K, capacity 7211K, committed 7424K, reserved 1056768K
  class space    used 693K, capacity 760K, committed 768K, reserved 1048576K
}

Deoptimization events (1 events):
Event: 21.732 Thread 0x00007f8e63808800 Uncommon trap: reason=unstable_if action=reinterpret pc=0x0000000111313be0 method=bonfire.game.Game.main([Ljava/lang/String;)V @ 343

Internal exceptions (10 events):
Event: 0.363 Thread 0x00007f8e63808800 Exception <a 'java/security/PrivilegedActionException'> (0x00000007956e0ed0) thrown at [/Users/java_re/workspace/8-2-build-macosx-x86_64/jdk8u141/9370/hotspot/src/share/vm/prims/jvm.cpp, line 1390]
Event: 0.584 Thread 0x00007f8e63808800 Exception <a 'java/security/PrivilegedActionException'> (0x00000007957a3890) thrown at [/Users/java_re/workspace/8-2-build-macosx-x86_64/jdk8u141/9370/hotspot/src/share/vm/prims/jvm.cpp, line 1390]
Event: 0.584 Thread 0x00007f8e63808800 Exception <a 'java/security/PrivilegedActionException'> (0x00000007957a3aa0) thrown at [/Users/java_re/workspace/8-2-build-macosx-x86_64/jdk8u141/9370/hotspot/src/share/vm/prims/jvm.cpp, line 1390]
Event: 0.585 Thread 0x00007f8e63808800 Exception <a 'java/security/PrivilegedActionException'> (0x00000007957a6fb8) thrown at [/Users/java_re/workspace/8-2-build-macosx-x86_64/jdk8u141/9370/hotspot/src/share/vm/prims/jvm.cpp, line 1390]
Event: 0.585 Thread 0x00007f8e63808800 Exception <a 'java/security/PrivilegedActionException'> (0x00000007957a71c8) thrown at [/Users/java_re/workspace/8-2-build-macosx-x86_64/jdk8u141/9370/hotspot/src/share/vm/prims/jvm.cpp, line 1390]
Event: 0.798 Thread 0x00007f8e63808800 Exception <a 'java/lang/NoSuchFieldError': method resolution failed> (0x00000007958752b0) thrown at [/Users/java_re/workspace/8-2-build-macosx-x86_64/jdk8u141/9370/hotspot/src/share/vm/prims/methodHandles.cpp, line 1146]
Event: 0.803 Thread 0x00007f8e63808800 Exception <a 'java/lang/NoSuchFieldError': method resolution failed> (0x0000000795882a00) thrown at [/Users/java_re/workspace/8-2-build-macosx-x86_64/jdk8u141/9370/hotspot/src/share/vm/prims/methodHandles.cpp, line 1146]
Event: 1.220 Thread 0x00007f8e63808800 Exception <a 'java/io/FileNotFoundException'> (0x00000007958fdd90) thrown at [/Users/java_re/workspace/8-2-build-macosx-x86_64/jdk8u141/9370/hotspot/src/share/vm/prims/jni.cpp, line 709]
Event: 1.220 Thread 0x00007f8e63808800 Exception <a 'java/io/FileNotFoundException'> (0x00000007958fe8f8) thrown at [/Users/java_re/workspace/8-2-build-macosx-x86_64/jdk8u141/9370/hotspot/src/share/vm/prims/jni.cpp, line 709]
Event: 1.264 Thread 0x00007f8e63808800 Exception <a 'java/lang/UnsatisfiedLinkError'> (0x000000079590b8e8) thrown at [/Users/java_re/workspace/8-2-build-macosx-x86_64/jdk8u141/9370/hotspot/src/share/vm/prims/jvm.cpp, line 1394]

Events (10 events):
Event: 15.569 Executing VM operation: ParallelGCFailedAllocation done
Event: 17.907 Thread 0x00007f8e63803000 Thread exited: 0x00007f8e63803000
Event: 21.622 Thread 0x00007f8e632f7800 Thread added: 0x00007f8e632f7800
Event: 21.665 loading class java/util/ArrayList$1
Event: 21.665 loading class java/util/ArrayList$1 done
Event: 21.732 Thread 0x00007f8e63808800 Uncommon trap: trap_request=0xffffff65 fr.pc=0x0000000111313be0
Event: 21.732 Thread 0x00007f8e63808800 DEOPT PACKING pc=0x0000000111313be0 sp=0x00000001106e5890
Event: 21.732 Thread 0x00007f8e63808800 DEOPT UNPACKING pc=0x0000000111005229 sp=0x00000001106e5860 mode 2
Event: 21.749 loading class org/lwjgl/opengl/CallbackUtil
Event: 21.749 loading class org/lwjgl/opengl/CallbackUtil done


Dynamic libraries:
0x000000000908a000 	/System/Library/Frameworks/Cocoa.framework/Versions/A/Cocoa
0x000000000908a000 	/System/Library/Frameworks/Security.framework/Versions/A/Security
0x000000000908a000 	/System/Library/Frameworks/ApplicationServices.framework/Versions/A/ApplicationServices
0x000000000908a000 	/usr/lib/libz.1.dylib
0x000000000908a000 	/usr/lib/libSystem.B.dylib
0x000000000908a000 	/usr/lib/libobjc.A.dylib
0x000000000908a000 	/System/Library/Frameworks/CoreFoundation.framework/Versions/A/CoreFoundation
0x000000000908a000 	/System/Library/Frameworks/Foundation.framework/Versions/C/Foundation
0x000000000908a000 	/System/Library/Frameworks/AppKit.framework/Versions/C/AppKit
0x000000000908a000 	/System/Library/Frameworks/CoreData.framework/Versions/A/CoreData
0x000000000908a000 	/System/Library/PrivateFrameworks/RemoteViewServices.framework/Versions/A/RemoteViewServices
0x000000000908a000 	/System/Library/PrivateFrameworks/UIFoundation.framework/Versions/A/UIFoundation
0x000000000908a000 	/System/Library/Frameworks/IOSurface.framework/Versions/A/IOSurface
0x000000000908a000 	/System/Library/Frameworks/AudioToolbox.framework/Versions/A/AudioToolbox
0x000000000908a000 	/System/Library/Frameworks/AudioUnit.framework/Versions/A/AudioUnit
0x000000000908a000 	/System/Library/PrivateFrameworks/DataDetectorsCore.framework/Versions/A/DataDetectorsCore
0x000000000908a000 	/System/Library/PrivateFrameworks/DesktopServicesPriv.framework/Versions/A/DesktopServicesPriv
0x000000000908a000 	/System/Library/Frameworks/Carbon.framework/Versions/A/Frameworks/HIToolbox.framework/Versions/A/HIToolbox
0x000000000908a000 	/System/Library/Frameworks/QuartzCore.framework/Versions/A/QuartzCore
0x000000000908a000 	/System/Library/Frameworks/Carbon.framework/Versions/A/Frameworks/SpeechRecognition.framework/Versions/A/SpeechRecognition
0x000000000908a000 	/usr/lib/libauto.dylib
0x000000000908a000 	/usr/lib/libicucore.A.dylib
0x000000000908a000 	/usr/lib/libxml2.2.dylib
0x000000000908a000 	/System/Library/PrivateFrameworks/CoreUI.framework/Versions/A/CoreUI
0x000000000908a000 	/System/Library/Frameworks/CoreAudio.framework/Versions/A/CoreAudio
0x000000000908a000 	/System/Library/Frameworks/DiskArbitration.framework/Versions/A/DiskArbitration
0x000000000908a000 	/usr/lib/liblangid.dylib
0x000000000908a000 	/System/Library/PrivateFrameworks/MultitouchSupport.framework/Versions/A/MultitouchSupport
0x000000000908a000 	/System/Library/Frameworks/IOKit.framework/Versions/A/IOKit
0x000000000908a000 	/usr/lib/libDiagnosticMessagesClient.dylib
0x000000000908a000 	/System/Library/Frameworks/CoreServices.framework/Versions/A/CoreServices
0x000000000908a000 	/System/Library/PrivateFrameworks/PerformanceAnalysis.framework/Versions/A/PerformanceAnalysis
0x000000000908a000 	/System/Library/PrivateFrameworks/GenerationalStorage.framework/Versions/A/GenerationalStorage
0x000000000908a000 	/System/Library/Frameworks/OpenGL.framework/Versions/A/OpenGL
0x000000000908a000 	/System/Library/PrivateFrameworks/Sharing.framework/Versions/A/Sharing
0x000000000908a000 	/System/Library/Frameworks/CoreGraphics.framework/Versions/A/CoreGraphics
0x000000000908a000 	/System/Library/Frameworks/CoreText.framework/Versions/A/CoreText
0x000000000908a000 	/System/Library/Frameworks/ImageIO.framework/Versions/A/ImageIO
0x000000000908a000 	/usr/lib/libextension.dylib
0x000000000908a000 	/System/Library/PrivateFrameworks/Backup.framework/Versions/A/Backup
0x000000000908a000 	/usr/lib/libarchive.2.dylib
0x000000000908a000 	/System/Library/Frameworks/CFNetwork.framework/Versions/A/CFNetwork
0x000000000908a000 	/System/Library/Frameworks/SystemConfiguration.framework/Versions/A/SystemConfiguration
0x000000000908a000 	/usr/lib/libCRFSuite.dylib
0x000000000908a000 	/usr/lib/libc++.1.dylib
0x000000000908a000 	/usr/lib/libc++abi.dylib
0x000000000908a000 	/usr/lib/system/libcache.dylib
0x000000000908a000 	/usr/lib/system/libcommonCrypto.dylib
0x000000000908a000 	/usr/lib/system/libcompiler_rt.dylib
0x000000000908a000 	/usr/lib/system/libcopyfile.dylib
0x000000000908a000 	/usr/lib/system/libcorecrypto.dylib
0x000000000908a000 	/usr/lib/system/libdispatch.dylib
0x000000000908a000 	/usr/lib/system/libdyld.dylib
0x000000000908a000 	/usr/lib/system/libkeymgr.dylib
0x000000000908a000 	/usr/lib/system/liblaunch.dylib
0x000000000908a000 	/usr/lib/system/libmacho.dylib
0x000000000908a000 	/usr/lib/system/libquarantine.dylib
0x000000000908a000 	/usr/lib/system/libremovefile.dylib
0x000000000908a000 	/usr/lib/system/libsystem_asl.dylib
0x000000000908a000 	/usr/lib/system/libsystem_blocks.dylib
0x000000000908a000 	/usr/lib/system/libsystem_c.dylib
0x000000000908a000 	/usr/lib/system/libsystem_configuration.dylib
0x000000000908a000 	/usr/lib/system/libsystem_coreservices.dylib
0x000000000908a000 	/usr/lib/system/libsystem_coretls.dylib
0x000000000908a000 	/usr/lib/system/libsystem_dnssd.dylib
0x000000000908a000 	/usr/lib/system/libsystem_info.dylib
0x000000000908a000 	/usr/lib/system/libsystem_kernel.dylib
0x000000000908a000 	/usr/lib/system/libsystem_m.dylib
0x000000000908a000 	/usr/lib/system/libsystem_malloc.dylib
0x000000000908a000 	/usr/lib/system/libsystem_network.dylib
0x000000000908a000 	/usr/lib/system/libsystem_networkextension.dylib
0x000000000908a000 	/usr/lib/system/libsystem_notify.dylib
0x000000000908a000 	/usr/lib/system/libsystem_platform.dylib
0x000000000908a000 	/usr/lib/system/libsystem_pthread.dylib
0x000000000908a000 	/usr/lib/system/libsystem_sandbox.dylib
0x000000000908a000 	/usr/lib/system/libsystem_secinit.dylib
0x000000000908a000 	/usr/lib/system/libsystem_stats.dylib
0x000000000908a000 	/usr/lib/system/libsystem_trace.dylib
0x000000000908a000 	/usr/lib/system/libunc.dylib
0x000000000908a000 	/usr/lib/system/libunwind.dylib
0x000000000908a000 	/usr/lib/system/libxpc.dylib
0x000000000908a000 	/usr/lib/libbz2.1.0.dylib
0x000000000908a000 	/usr/lib/liblzma.5.dylib
0x000000000908a000 	/usr/lib/libbsm.0.dylib
0x000000000908a000 	/usr/lib/libsqlite3.dylib
0x000000000908a000 	/usr/lib/system/libkxld.dylib
0x000000000908a000 	/usr/lib/libxar.1.dylib
0x000000000908a000 	/usr/lib/libpam.2.dylib
0x000000000908a000 	/usr/lib/libOpenScriptingUtil.dylib
0x000000000908a000 	/System/Library/Frameworks/CoreServices.framework/Versions/A/Frameworks/FSEvents.framework/Versions/A/FSEvents
0x000000000908a000 	/System/Library/Frameworks/CoreServices.framework/Versions/A/Frameworks/CarbonCore.framework/Versions/A/CarbonCore
0x000000000908a000 	/System/Library/Frameworks/CoreServices.framework/Versions/A/Frameworks/Metadata.framework/Versions/A/Metadata
0x000000000908a000 	/System/Library/Frameworks/CoreServices.framework/Versions/A/Frameworks/OSServices.framework/Versions/A/OSServices
0x000000000908a000 	/System/Library/Frameworks/CoreServices.framework/Versions/A/Frameworks/SearchKit.framework/Versions/A/SearchKit
0x000000000908a000 	/System/Library/Frameworks/CoreServices.framework/Versions/A/Frameworks/AE.framework/Versions/A/AE
0x000000000908a000 	/System/Library/Frameworks/CoreServices.framework/Versions/A/Frameworks/LaunchServices.framework/Versions/A/LaunchServices
0x000000000908a000 	/System/Library/Frameworks/CoreServices.framework/Versions/A/Frameworks/DictionaryServices.framework/Versions/A/DictionaryServices
0x000000000908a000 	/System/Library/Frameworks/NetFS.framework/Versions/A/NetFS
0x000000000908a000 	/System/Library/PrivateFrameworks/NetAuth.framework/Versions/A/NetAuth
0x000000000908a000 	/System/Library/PrivateFrameworks/login.framework/Versions/A/Frameworks/loginsupport.framework/Versions/A/loginsupport
0x000000000908a000 	/System/Library/PrivateFrameworks/TCC.framework/Versions/A/TCC
0x000000000908a000 	/usr/lib/libmecabra.dylib
0x000000000908a000 	/System/Library/Frameworks/ApplicationServices.framework/Versions/A/Frameworks/ATS.framework/Versions/A/ATS
0x000000000908a000 	/System/Library/Frameworks/ApplicationServices.framework/Versions/A/Frameworks/ColorSync.framework/Versions/A/ColorSync
0x000000000908a000 	/System/Library/Frameworks/ApplicationServices.framework/Versions/A/Frameworks/HIServices.framework/Versions/A/HIServices
0x000000000908a000 	/System/Library/Frameworks/ApplicationServices.framework/Versions/A/Frameworks/LangAnalysis.framework/Versions/A/LangAnalysis
0x000000000908a000 	/System/Library/Frameworks/ApplicationServices.framework/Versions/A/Frameworks/PrintCore.framework/Versions/A/PrintCore
0x000000000908a000 	/System/Library/Frameworks/ApplicationServices.framework/Versions/A/Frameworks/QD.framework/Versions/A/QD
0x000000000908a000 	/System/Library/Frameworks/ApplicationServices.framework/Versions/A/Frameworks/SpeechSynthesis.framework/Versions/A/SpeechSynthesis
0x000000000908a000 	/System/Library/Frameworks/Accelerate.framework/Versions/A/Accelerate
0x000000000908a000 	/System/Library/Frameworks/Accelerate.framework/Versions/A/Frameworks/vImage.framework/Versions/A/vImage
0x000000000908a000 	/System/Library/Frameworks/Accelerate.framework/Versions/A/Frameworks/vecLib.framework/Versions/A/vecLib
0x000000000908a000 	/System/Library/Frameworks/Accelerate.framework/Versions/A/Frameworks/vecLib.framework/Versions/A/libvDSP.dylib
0x000000000908a000 	/System/Library/Frameworks/Accelerate.framework/Versions/A/Frameworks/vecLib.framework/Versions/A/libvMisc.dylib
0x000000000908a000 	/System/Library/Frameworks/Accelerate.framework/Versions/A/Frameworks/vecLib.framework/Versions/A/libLAPACK.dylib
0x000000000908a000 	/System/Library/Frameworks/Accelerate.framework/Versions/A/Frameworks/vecLib.framework/Versions/A/libBLAS.dylib
0x000000000908a000 	/System/Library/Frameworks/Accelerate.framework/Versions/A/Frameworks/vecLib.framework/Versions/A/libLinearAlgebra.dylib
0x000000000908a000 	/System/Library/Frameworks/ApplicationServices.framework/Versions/A/Frameworks/ATS.framework/Versions/A/Resources/libFontParser.dylib
0x000000000908a000 	/System/Library/Frameworks/ApplicationServices.framework/Versions/A/Frameworks/ATS.framework/Versions/A/Resources/libFontRegistry.dylib
0x000000000908a000 	/System/Library/PrivateFrameworks/AppleVPA.framework/Versions/A/AppleVPA
0x000000000908a000 	/System/Library/PrivateFrameworks/AppleJPEG.framework/Versions/A/AppleJPEG
0x000000000908a000 	/System/Library/Frameworks/ImageIO.framework/Versions/A/Resources/libJPEG.dylib
0x000000000908a000 	/System/Library/Frameworks/ImageIO.framework/Versions/A/Resources/libTIFF.dylib
0x000000000908a000 	/System/Library/Frameworks/ImageIO.framework/Versions/A/Resources/libPng.dylib
0x000000000908a000 	/System/Library/Frameworks/ImageIO.framework/Versions/A/Resources/libGIF.dylib
0x000000000908a000 	/System/Library/Frameworks/ImageIO.framework/Versions/A/Resources/libJP2.dylib
0x000000000908a000 	/System/Library/Frameworks/ImageIO.framework/Versions/A/Resources/libRadiance.dylib
0x000000000908a000 	/System/Library/Frameworks/CoreVideo.framework/Versions/A/CoreVideo
0x000000000908a000 	/System/Library/Frameworks/OpenGL.framework/Versions/A/Libraries/libGLU.dylib
0x000000000908a000 	/System/Library/Frameworks/OpenGL.framework/Versions/A/Libraries/libGFXShared.dylib
0x000000000908a000 	/System/Library/Frameworks/OpenGL.framework/Versions/A/Libraries/libGL.dylib
0x000000000908a000 	/System/Library/Frameworks/OpenGL.framework/Versions/A/Libraries/libGLImage.dylib
0x000000000908a000 	/System/Library/Frameworks/OpenGL.framework/Versions/A/Libraries/libCVMSPluginSupport.dylib
0x000000000908a000 	/System/Library/Frameworks/OpenGL.framework/Versions/A/Libraries/libCoreVMClient.dylib
0x000000000908a000 	/usr/lib/libcups.2.dylib
0x000000000908a000 	/System/Library/Frameworks/Kerberos.framework/Versions/A/Kerberos
0x000000000908a000 	/System/Library/Frameworks/GSS.framework/Versions/A/GSS
0x000000000908a000 	/usr/lib/libresolv.9.dylib
0x000000000908a000 	/usr/lib/libiconv.2.dylib
0x000000000908a000 	/System/Library/PrivateFrameworks/Heimdal.framework/Versions/A/Heimdal
0x000000000908a000 	/usr/lib/libheimdal-asn1.dylib
0x000000000908a000 	/System/Library/Frameworks/OpenDirectory.framework/Versions/A/OpenDirectory
0x000000000908a000 	/System/Library/PrivateFrameworks/CommonAuth.framework/Versions/A/CommonAuth
0x000000000908a000 	/System/Library/Frameworks/OpenDirectory.framework/Versions/A/Frameworks/CFOpenDirectory.framework/Versions/A/CFOpenDirectory
0x000000000908a000 	/System/Library/Frameworks/SecurityFoundation.framework/Versions/A/SecurityFoundation
0x000000000908a000 	/System/Library/PrivateFrameworks/LanguageModeling.framework/Versions/A/LanguageModeling
0x000000000908a000 	/usr/lib/libcmph.dylib
0x000000000908a000 	/System/Library/Frameworks/ServiceManagement.framework/Versions/A/ServiceManagement
0x000000000908a000 	/usr/lib/libxslt.1.dylib
0x000000000908a000 	/System/Library/Frameworks/Carbon.framework/Versions/A/Frameworks/Ink.framework/Versions/A/Ink
0x000000000908a000 	/System/Library/Frameworks/QuartzCore.framework/Versions/A/Frameworks/CoreImage.framework/Versions/A/CoreImage
0x000000000908a000 	/System/Library/PrivateFrameworks/CrashReporterSupport.framework/Versions/A/CrashReporterSupport
0x000000000908a000 	/System/Library/Frameworks/OpenCL.framework/Versions/A/OpenCL
0x000000000908a000 	/System/Library/PrivateFrameworks/FaceCore.framework/Versions/A/FaceCore
0x000000000908a000 	/System/Library/PrivateFrameworks/Ubiquity.framework/Versions/A/Ubiquity
0x000000000908a000 	/System/Library/PrivateFrameworks/IconServices.framework/Versions/A/IconServices
0x000000000908a000 	/System/Library/PrivateFrameworks/ChunkingLibrary.framework/Versions/A/ChunkingLibrary
0x000000000908a000 	/System/Library/PrivateFrameworks/Apple80211.framework/Versions/A/Apple80211
0x000000000908a000 	/System/Library/Frameworks/CoreWLAN.framework/Versions/A/CoreWLAN
0x000000000908a000 	/System/Library/Frameworks/IOBluetooth.framework/Versions/A/IOBluetooth
0x000000000908a000 	/System/Library/PrivateFrameworks/CoreWiFi.framework/Versions/A/CoreWiFi
0x000000000908a000 	/System/Library/Frameworks/CoreBluetooth.framework/Versions/A/CoreBluetooth
0x000000000908a000 	/System/Library/PrivateFrameworks/DebugSymbols.framework/Versions/A/DebugSymbols
0x000000000908a000 	/System/Library/PrivateFrameworks/CoreSymbolication.framework/Versions/A/CoreSymbolication
0x000000000908a000 	/System/Library/PrivateFrameworks/Symbolication.framework/Versions/A/Symbolication
0x000000000908a000 	/System/Library/PrivateFrameworks/SpeechRecognitionCore.framework/Versions/A/SpeechRecognitionCore
0x000000010f63e000 	/Library/Java/JavaVirtualMachines/jdk1.8.0_141.jdk/Contents/Home/jre/lib/server/libjvm.dylib
0x000000000908a000 	/usr/lib/libstdc++.6.dylib
0x00000001106ff000 	/Library/Java/JavaVirtualMachines/jdk1.8.0_141.jdk/Contents/Home/jre/lib/libverify.dylib
0x000000011070d000 	/Library/Java/JavaVirtualMachines/jdk1.8.0_141.jdk/Contents/Home/jre/lib/libjava.dylib
0x000000011074c000 	/Library/Java/JavaVirtualMachines/jdk1.8.0_141.jdk/Contents/Home/jre/lib/libzip.dylib
0x0000000126fd8000 	/System/Library/Frameworks/JavaVM.framework/Frameworks/JavaRuntimeSupport.framework/JavaRuntimeSupport
0x0000000126ff3000 	/System/Library/Frameworks/JavaVM.framework/Versions/A/Frameworks/JavaNativeFoundation.framework/Versions/A/JavaNativeFoundation
0x0000000127008000 	/System/Library/Frameworks/JavaVM.framework/Versions/A/JavaVM
0x000000000908a000 	/System/Library/Frameworks/Carbon.framework/Versions/A/Carbon
0x0000000127015000 	/System/Library/PrivateFrameworks/JavaLaunching.framework/Versions/A/JavaLaunching
0x000000000908a000 	/System/Library/Frameworks/Carbon.framework/Versions/A/Frameworks/CommonPanels.framework/Versions/A/CommonPanels
0x000000000908a000 	/System/Library/Frameworks/Carbon.framework/Versions/A/Frameworks/Help.framework/Versions/A/Help
0x000000000908a000 	/System/Library/Frameworks/Carbon.framework/Versions/A/Frameworks/ImageCapture.framework/Versions/A/ImageCapture
0x000000000908a000 	/System/Library/Frameworks/Carbon.framework/Versions/A/Frameworks/OpenScripting.framework/Versions/A/OpenScripting
0x000000000908a000 	/System/Library/Frameworks/Carbon.framework/Versions/A/Frameworks/Print.framework/Versions/A/Print
0x000000000908a000 	/System/Library/Frameworks/Carbon.framework/Versions/A/Frameworks/SecurityHI.framework/Versions/A/SecurityHI
0x0000000128f5c000 	/Library/Java/JavaVirtualMachines/jdk1.8.0_141.jdk/Contents/Home/jre/lib/libawt.dylib
0x0000000129004000 	/Library/Java/JavaVirtualMachines/jdk1.8.0_141.jdk/Contents/Home/jre/lib/./libmlib_image.dylib
0x00000001290d0000 	/Library/Java/JavaVirtualMachines/jdk1.8.0_141.jdk/Contents/Home/jre/lib/libawt_lwawt.dylib
0x0000000129187000 	/Library/Java/JavaVirtualMachines/jdk1.8.0_141.jdk/Contents/Home/jre/lib/./libosxapp.dylib
0x000000000908a000 	/System/Library/Frameworks/ExceptionHandling.framework/Versions/A/ExceptionHandling
0x000000000908a000 	/System/Library/PrivateFrameworks/CoreServicesInternal.framework/Versions/A/CoreServicesInternal
0x000000000908a000 	/System/Library/PrivateFrameworks/CloudDocs.framework/Versions/A/CloudDocs
0x000000000908a000 	/System/Library/PrivateFrameworks/CoreDuet.framework/Versions/A/CoreDuet
0x000000000908a000 	/System/Library/Frameworks/CloudKit.framework/Versions/A/CloudKit
0x000000000908a000 	/System/Library/PrivateFrameworks/ProtocolBuffer.framework/Versions/A/ProtocolBuffer
0x000000000908a000 	/System/Library/PrivateFrameworks/CoreDuetDaemonProtocol.framework/Versions/A/CoreDuetDaemonProtocol
0x000000000908a000 	/System/Library/PrivateFrameworks/CoreDuetDebugLogging.framework/Versions/A/CoreDuetDebugLogging
0x000000000908a000 	/System/Library/PrivateFrameworks/MMCS.framework/Versions/A/MMCS
0x000000000908a000 	/System/Library/Frameworks/CoreLocation.framework/Versions/A/CoreLocation
0x000000000908a000 	/System/Library/PrivateFrameworks/ProtectedCloudStorage.framework/Versions/A/ProtectedCloudStorage
0x000000000908a000 	/System/Library/PrivateFrameworks/GeoServices.framework/Versions/A/GeoServices
0x000000000908a000 	/System/Library/Frameworks/CoreGraphics.framework/Versions/A/Resources/libCGCMS.A.dylib
0x000000000908a000 	/System/Library/Frameworks/CoreGraphics.framework/Versions/A/Resources/libRIP.A.dylib
0x000000000908a000 	/System/Library/Frameworks/CoreGraphics.framework/Versions/A/Resources/libCGXType.A.dylib
0x000000000908a000 	/System/Library/Frameworks/OpenCL.framework/Versions/A/Libraries/libcldcpuengine.dylib
0x000000000908a000 	/System/Library/PrivateFrameworks/DiskImages.framework/Versions/A/DiskImages
0x000000000908a000 	/System/Library/Frameworks/DiscRecording.framework/Versions/A/DiscRecording
0x000000000908a000 	/usr/lib/libcsfde.dylib
0x000000000908a000 	/usr/lib/libcurl.4.dylib
0x000000000908a000 	/System/Library/PrivateFrameworks/MediaKit.framework/Versions/A/MediaKit
0x000000000908a000 	/usr/lib/libCoreStorage.dylib
0x000000000908a000 	/System/Library/PrivateFrameworks/EFILogin.framework/Versions/A/EFILogin
0x000000000908a000 	/usr/lib/libutil.dylib
0x000000000908a000 	/System/Library/PrivateFrameworks/FindMyDevice.framework/Versions/A/FindMyDevice
0x000000000908a000 	/System/Library/Frameworks/LDAP.framework/Versions/A/LDAP
0x000000000908a000 	/usr/lib/libsasl2.2.dylib
0x000000000908a000 	/System/Library/PrivateFrameworks/CoreDaemon.framework/Versions/B/CoreDaemon
0x000000000908a000 	/usr/lib/libcrypto.0.9.8.dylib
0x000000000908a000 	/System/Library/PrivateFrameworks/AppleSRP.framework/Versions/A/AppleSRP
0x000000000908a000 	/System/Library/PrivateFrameworks/TrustEvaluationAgent.framework/Versions/A/TrustEvaluationAgent
0x000000012bfd0000 	cl_kernels
0x000000012bfd2000 	/System/Library/Frameworks/OpenCL.framework/Versions/A/Libraries/ImageFormats/unorm8_bgra.dylib
0x000000012bfc1000 	cl_kernels
0x000000000908a000 	/System/Library/PrivateFrameworks/FamilyControls.framework/Versions/A/FamilyControls
0x000000000908a000 	/System/Library/PrivateFrameworks/CommerceKit.framework/Versions/A/Frameworks/CommerceCore.framework/Versions/A/CommerceCore
0x000000000908a000 	/System/Library/PrivateFrameworks/SystemAdministration.framework/Versions/A/SystemAdministration
0x000000000908a000 	/System/Library/PrivateFrameworks/AppContainer.framework/Versions/A/AppContainer
0x000000000908a000 	/System/Library/PrivateFrameworks/SecCodeWrapper.framework/Versions/A/SecCodeWrapper
0x000000000908a000 	/System/Library/Frameworks/DirectoryService.framework/Versions/A/DirectoryService
0x000000000908a000 	/System/Library/PrivateFrameworks/LoginUIKit.framework/Versions/A/Frameworks/LoginUICore.framework/Versions/A/LoginUICore
0x000000000908a000 	/usr/lib/libodfde.dylib
0x000000012d195000 	/Library/Java/JavaVirtualMachines/jdk1.8.0_141.jdk/Contents/Home/jre/lib/libfontmanager.dylib
0x000000012d1fc000 	/Users/Chris/Desktop/lwjgl-2.9.1/native/macosx/liblwjgl.jnilib
0x000000012b50e000 	/Library/Java/JavaVirtualMachines/jdk1.8.0_141.jdk/Contents/Home/jre/lib/libjawt.dylib
0x000000000908a000 	/System/Library/Frameworks/OpenGL.framework/Versions/A/Resources/GLEngine.bundle/GLEngine
0x000000000908a000 	/System/Library/Frameworks/OpenGL.framework/Versions/A/Libraries/libGLProgrammability.dylib
0x000000012d27b000 	/System/Library/Extensions/AppleIntelHD4000GraphicsGLDriver.bundle/Contents/MacOS/AppleIntelHD4000GraphicsGLDriver
0x000000000908a000 	/System/Library/PrivateFrameworks/IOAccelerator.framework/Versions/A/IOAccelerator
0x000000000908a000 	/System/Library/PrivateFrameworks/GPUSupport.framework/Versions/A/Libraries/libGPUSupportMercury.dylib
0x000000000908a000 	/System/Library/Frameworks/OpenGL.framework/Versions/A/Resources/GLRendererFloat.bundle/GLRendererFloat

VM Arguments:
jvm_args: -Dfile.encoding=UTF-8 -Djava.library.path=/Users/Chris/Desktop/lwjgl-2.9.1/native/macosx/ 
java_command: bonfire.game.Game
java_class_path (initial): /Users/Chris/Desktop/lib/slick-util.jar:/Users/Chris/Desktop/lwjgl-2.9.1/jar/jinput.jar:/Users/Chris/Desktop/lwjgl-2.9.1/jar/lwjgl.jar:/Users/Chris/Desktop/lwjgl-2.9.1/jar/lwjgl_util.jar:/Users/Chris/NetBeansProjects/Bonfire/build/classes
Launcher Type: SUN_STANDARD

Environment Variables:
PATH=/usr/bin:/bin:/usr/sbin:/sbin
LD_LIBRARY_PATH=/Library/Java/JavaVirtualMachines/jdk1.8.0_141.jdk/Contents/Home/jre/lib/amd64:/Library/Java/JavaVirtualMachines/jdk1.8.0_141.jdk/Contents/Home/jre/lib/i386:
SHELL=/bin/bash
DISPLAY=/private/tmp/com.apple.launchd.Qhi6IaXOBE/org.macosforge.xquartz:0

Signal Handlers:
SIGSEGV: [libjvm.dylib+0x5b26e5], sa_mask[0]=11111111011111110111111111111111, sa_flags=SA_ONSTACK|SA_RESTART|SA_SIGINFO
SIGBUS: [libjvm.dylib+0x5b26e5], sa_mask[0]=11111111011111110111111111111111, sa_flags=SA_RESTART|SA_SIGINFO
SIGFPE: [libjvm.dylib+0x489100], sa_mask[0]=11111111011111110111111111111111, sa_flags=SA_RESTART|SA_SIGINFO
SIGPIPE: [libjvm.dylib+0x489100], sa_mask[0]=11111111011111110111111111111111, sa_flags=SA_RESTART|SA_SIGINFO
SIGXFSZ: [libjvm.dylib+0x489100], sa_mask[0]=11111111011111110111111111111111, sa_flags=SA_RESTART|SA_SIGINFO
SIGILL: [libjvm.dylib+0x489100], sa_mask[0]=11111111011111110111111111111111, sa_flags=SA_RESTART|SA_SIGINFO
SIGUSR1: SIG_DFL, sa_mask[0]=00000000000000000000000000000000, sa_flags=none
SIGUSR2: [libjvm.dylib+0x488c1e], sa_mask[0]=00100000000000000000000000000000, sa_flags=SA_RESTART|SA_SIGINFO
SIGHUP: [libjvm.dylib+0x4871f5], sa_mask[0]=11111111011111110111111111111111, sa_flags=SA_RESTART|SA_SIGINFO
SIGINT: SIG_IGN, sa_mask[0]=00000000000000000000000000000000, sa_flags=none
SIGTERM: [libjvm.dylib+0x4871f5], sa_mask[0]=11111111011111110111111111111111, sa_flags=SA_RESTART|SA_SIGINFO
SIGQUIT: [libjvm.dylib+0x4871f5], sa_mask[0]=11111111011111110111111111111111, sa_flags=SA_RESTART|SA_SIGINFO


---------------  S Y S T E M  ---------------

OS:Bsduname:Darwin 14.5.0 Darwin Kernel Version 14.5.0: Sun Sep 25 22:07:15 PDT 2016; root:xnu-2782.50.9~1/RELEASE_X86_64 x86_64
rlimit: STACK 8192k, CORE 0k, NPROC 709, NOFILE 10240, AS infinity
load average:1.99 1.94 2.19

CPU:total 4 (initial active 4) (2 cores per cpu, 2 threads per core) family 6 model 58 stepping 9, cmov, cx8, fxsr, mmx, sse, sse2, sse3, ssse3, sse4.1, sse4.2, popcnt, avx, aes, clmul, erms, ht, tsc, tscinvbit, tscinv

Memory: 4k page, physical 8388608k(1573760k free)

/proc/meminfo:


vm_info: Java HotSpot(TM) 64-Bit Server VM (25.141-b15) for bsd-amd64 JRE (1.8.0_141-b15), built on Jul 12 2017 04:35:23 by "java_re" with gcc 4.2.1 (Based on Apple Inc. build 5658) (LLVM build 2336.11.00)

time: Fri Apr 13 12:10:18 2018
elapsed time: 21 seconds (0d 0h 0m 21s)

